<?xml version="1.0" encoding="UTF-8"?>
<coverage generated="1521566580">
  <project timestamp="1521566580">
    <package name="APY\DataGridBundle">
      <file name="/Users/samuele/Desktop/APYDataGridBundle/APYDataGridBundle.php">
        <class name="APYDataGridBundle" namespace="APY\DataGridBundle">
          <metrics complexity="1" methods="1" coveredmethods="0" conditionals="0" coveredconditionals="0" statements="5" coveredstatements="0" elements="6" coveredelements="0"/>
        </class>
        <line num="22" type="method" name="build" visibility="public" complexity="1" crap="2" count="0"/>
        <line num="23" type="stmt" count="0"/>
        <line num="24" type="stmt" count="0"/>
        <line num="26" type="stmt" count="0"/>
        <line num="27" type="stmt" count="0"/>
        <line num="28" type="stmt" count="0"/>
        <metrics loc="29" ncloc="20" classes="1" methods="1" coveredmethods="0" conditionals="0" coveredconditionals="0" statements="5" coveredstatements="0" elements="6" coveredelements="0"/>
      </file>
    </package>
    <package name="APY\DataGridBundle\DependencyInjection">
      <file name="/Users/samuele/Desktop/APYDataGridBundle/DependencyInjection/APYDataGridExtension.php">
        <class name="APYDataGridExtension" namespace="APY\DataGridBundle\DependencyInjection">
          <metrics complexity="1" methods="1" coveredmethods="0" conditionals="0" coveredconditionals="0" statements="17" coveredstatements="0" elements="18" coveredelements="0"/>
        </class>
        <line num="23" type="method" name="load" visibility="public" complexity="1" crap="2" count="0"/>
        <line num="24" type="stmt" count="0"/>
        <line num="25" type="stmt" count="0"/>
        <line num="26" type="stmt" count="0"/>
        <line num="28" type="stmt" count="0"/>
        <line num="29" type="stmt" count="0"/>
        <line num="30" type="stmt" count="0"/>
        <line num="32" type="stmt" count="0"/>
        <line num="33" type="stmt" count="0"/>
        <line num="35" type="stmt" count="0"/>
        <line num="36" type="stmt" count="0"/>
        <line num="37" type="stmt" count="0"/>
        <line num="38" type="stmt" count="0"/>
        <line num="39" type="stmt" count="0"/>
        <line num="40" type="stmt" count="0"/>
        <line num="41" type="stmt" count="0"/>
        <line num="42" type="stmt" count="0"/>
        <line num="43" type="stmt" count="0"/>
        <metrics loc="44" ncloc="35" classes="1" methods="1" coveredmethods="0" conditionals="0" coveredconditionals="0" statements="17" coveredstatements="0" elements="18" coveredelements="0"/>
      </file>
      <file name="/Users/samuele/Desktop/APYDataGridBundle/DependencyInjection/Configuration.php">
        <class name="Configuration" namespace="APY\DataGridBundle\DependencyInjection">
          <metrics complexity="3" methods="1" coveredmethods="0" conditionals="0" coveredconditionals="0" statements="8" coveredstatements="0" elements="9" coveredelements="0"/>
        </class>
        <line num="18" type="method" name="getConfigTreeBuilder" visibility="public" complexity="1" crap="2" count="0"/>
        <line num="19" type="stmt" count="0"/>
        <line num="20" type="stmt" count="0"/>
        <line num="21" type="stmt" count="0"/>
        <line num="23" type="stmt" count="0"/>
        <line num="24" type="stmt" count="0"/>
        <line num="25" type="stmt" count="0"/>
        <line num="26" type="stmt" count="0"/>
        <line num="27" type="stmt" count="0"/>
        <metrics loc="57" ncloc="47" classes="1" methods="1" coveredmethods="0" conditionals="0" coveredconditionals="0" statements="8" coveredstatements="0" elements="9" coveredelements="0"/>
      </file>
    </package>
    <package name="APY\DataGridBundle\DependencyInjection\Compiler">
      <file name="/Users/samuele/Desktop/APYDataGridBundle/DependencyInjection/Compiler/GridExtensionPass.php">
        <class name="GridExtensionPass" namespace="APY\DataGridBundle\DependencyInjection\Compiler">
          <metrics complexity="3" methods="1" coveredmethods="0" conditionals="0" coveredconditionals="0" statements="12" coveredstatements="0" elements="13" coveredelements="0"/>
        </class>
        <line num="21" type="method" name="process" visibility="public" complexity="3" crap="12" count="0"/>
        <line num="22" type="stmt" count="0"/>
        <line num="23" type="stmt" count="0"/>
        <line num="24" type="stmt" count="0"/>
        <line num="25" type="stmt" count="0"/>
        <line num="27" type="stmt" count="0"/>
        <line num="33" type="stmt" count="0"/>
        <line num="34" type="stmt" count="0"/>
        <line num="36" type="stmt" count="0"/>
        <line num="37" type="stmt" count="0"/>
        <line num="38" type="stmt" count="0"/>
        <line num="40" type="stmt" count="0"/>
        <line num="41" type="stmt" count="0"/>
        <metrics loc="42" ncloc="25" classes="1" methods="1" coveredmethods="0" conditionals="0" coveredconditionals="0" statements="12" coveredstatements="0" elements="13" coveredelements="0"/>
      </file>
      <file name="/Users/samuele/Desktop/APYDataGridBundle/DependencyInjection/Compiler/GridPass.php">
        <class name="GridPass" namespace="APY\DataGridBundle\DependencyInjection\Compiler">
          <metrics complexity="4" methods="1" coveredmethods="0" conditionals="0" coveredconditionals="0" statements="14" coveredstatements="0" elements="15" coveredelements="0"/>
        </class>
        <line num="23" type="method" name="process" visibility="public" complexity="4" crap="20" count="0"/>
        <line num="24" type="stmt" count="0"/>
        <line num="25" type="stmt" count="0"/>
        <line num="26" type="stmt" count="0"/>
        <line num="27" type="stmt" count="0"/>
        <line num="29" type="stmt" count="0"/>
        <line num="31" type="stmt" count="0"/>
        <line num="32" type="stmt" count="0"/>
        <line num="33" type="stmt" count="0"/>
        <line num="34" type="stmt" count="0"/>
        <line num="36" type="stmt" count="0"/>
        <line num="37" type="stmt" count="0"/>
        <line num="38" type="stmt" count="0"/>
        <line num="39" type="stmt" count="0"/>
        <line num="40" type="stmt" count="0"/>
        <metrics loc="41" ncloc="29" classes="1" methods="1" coveredmethods="0" conditionals="0" coveredconditionals="0" statements="14" coveredstatements="0" elements="15" coveredelements="0"/>
      </file>
      <file name="/Users/samuele/Desktop/APYDataGridBundle/DependencyInjection/Compiler/TranslationPass.php">
        <class name="TranslationPass" namespace="APY\DataGridBundle\DependencyInjection\Compiler">
          <metrics complexity="2" methods="1" coveredmethods="0" conditionals="0" coveredconditionals="0" statements="10" coveredstatements="0" elements="11" coveredelements="0"/>
        </class>
        <line num="19" type="method" name="process" visibility="public" complexity="2" crap="6" count="0"/>
        <line num="20" type="stmt" count="0"/>
        <line num="21" type="stmt" count="0"/>
        <line num="22" type="stmt" count="0"/>
        <line num="23" type="stmt" count="0"/>
        <line num="25" type="stmt" count="0"/>
        <line num="26" type="stmt" count="0"/>
        <line num="27" type="stmt" count="0"/>
        <line num="28" type="stmt" count="0"/>
        <line num="30" type="stmt" count="0"/>
        <line num="31" type="stmt" count="0"/>
        <metrics loc="32" ncloc="24" classes="1" methods="1" coveredmethods="0" conditionals="0" coveredconditionals="0" statements="10" coveredstatements="0" elements="11" coveredelements="0"/>
      </file>
    </package>
    <package name="APY\DataGridBundle\Grid">
      <file name="/Users/samuele/Desktop/APYDataGridBundle/Grid/AbstractType.php">
        <class name="AbstractType" namespace="APY\DataGridBundle\Grid">
          <metrics complexity="3" methods="2" coveredmethods="0" conditionals="0" coveredconditionals="0" statements="2" coveredstatements="0" elements="4" coveredelements="0"/>
        </class>
        <line num="17" type="method" name="buildGrid" visibility="public" complexity="1" crap="2" count="0"/>
        <line num="19" type="stmt" count="0"/>
        <line num="24" type="method" name="configureOptions" visibility="public" complexity="1" crap="2" count="0"/>
        <line num="26" type="stmt" count="0"/>
        <metrics loc="32" ncloc="18" classes="1" methods="2" coveredmethods="0" conditionals="0" coveredconditionals="0" statements="2" coveredstatements="0" elements="4" coveredelements="0"/>
      </file>
      <file name="/Users/samuele/Desktop/APYDataGridBundle/Grid/Columns.php">
        <class name="Columns" namespace="APY\DataGridBundle\Grid">
          <metrics complexity="25" methods="12" coveredmethods="12" conditionals="0" coveredconditionals="0" statements="45" coveredstatements="45" elements="57" coveredelements="57"/>
        </class>
        <line num="35" type="method" name="__construct" visibility="public" complexity="1" crap="1" count="313"/>
        <line num="37" type="stmt" count="313"/>
        <line num="38" type="stmt" count="313"/>
        <line num="45" type="method" name="getIterator" visibility="public" complexity="1" crap="1" count="133"/>
        <line num="47" type="stmt" count="133"/>
        <line num="58" type="method" name="addColumn" visibility="public" complexity="3" crap="3" count="159"/>
        <line num="60" type="stmt" count="159"/>
        <line num="62" type="stmt" count="159"/>
        <line num="63" type="stmt" count="159"/>
        <line num="65" type="stmt" count="14"/>
        <line num="66" type="stmt" count="14"/>
        <line num="68" type="stmt" count="1"/>
        <line num="71" type="stmt" count="14"/>
        <line num="72" type="stmt" count="14"/>
        <line num="73" type="stmt" count="14"/>
        <line num="76" type="stmt" count="159"/>
        <line num="86" type="method" name="getColumnById" visibility="public" complexity="2" crap="2" count="45"/>
        <line num="88" type="stmt" count="45"/>
        <line num="89" type="stmt" count="4"/>
        <line num="92" type="stmt" count="41"/>
        <line num="101" type="method" name="hasColumnById" visibility="public" complexity="4" crap="4" count="46"/>
        <line num="103" type="stmt" count="46"/>
        <line num="104" type="stmt" count="45"/>
        <line num="105" type="stmt" count="45"/>
        <line num="109" type="stmt" count="4"/>
        <line num="117" type="method" name="getPrimaryColumn" visibility="public" complexity="3" crap="3" count="107"/>
        <line num="119" type="stmt" count="107"/>
        <line num="120" type="stmt" count="107"/>
        <line num="121" type="stmt" count="107"/>
        <line num="125" type="stmt" count="1"/>
        <line num="131" type="method" name="count" visibility="public" complexity="1" crap="1" count="1"/>
        <line num="133" type="stmt" count="1"/>
        <line num="141" type="method" name="addExtension" visibility="public" complexity="1" crap="1" count="3"/>
        <line num="143" type="stmt" count="3"/>
        <line num="145" type="stmt" count="3"/>
        <line num="153" type="method" name="hasExtensionForColumnType" visibility="public" complexity="1" crap="1" count="1"/>
        <line num="155" type="stmt" count="1"/>
        <line num="163" type="method" name="getExtensionForColumnType" visibility="public" complexity="1" crap="1" count="1"/>
        <line num="166" type="stmt" count="1"/>
        <line num="172" type="method" name="getHash" visibility="public" complexity="2" crap="2" count="3"/>
        <line num="174" type="stmt" count="3"/>
        <line num="175" type="stmt" count="3"/>
        <line num="176" type="stmt" count="3"/>
        <line num="179" type="stmt" count="3"/>
        <line num="192" type="method" name="setColumnsOrder" visibility="public" complexity="5" crap="5" count="3"/>
        <line num="194" type="stmt" count="3"/>
        <line num="195" type="stmt" count="3"/>
        <line num="197" type="stmt" count="3"/>
        <line num="198" type="stmt" count="3"/>
        <line num="201" type="stmt" count="3"/>
        <line num="202" type="stmt" count="3"/>
        <line num="203" type="stmt" count="3"/>
        <line num="204" type="stmt" count="3"/>
        <line num="208" type="stmt" count="3"/>
        <line num="209" type="stmt" count="2"/>
        <line num="211" type="stmt" count="1"/>
        <line num="214" type="stmt" count="3"/>
        <metrics loc="216" ncloc="137" classes="1" methods="12" coveredmethods="12" conditionals="0" coveredconditionals="0" statements="45" coveredstatements="45" elements="57" coveredelements="57"/>
      </file>
      <file name="/Users/samuele/Desktop/APYDataGridBundle/Grid/Filter.php">
        <class name="Filter" namespace="APY\DataGridBundle\Grid">
          <metrics complexity="8" methods="8" coveredmethods="8" conditionals="0" coveredconditionals="0" statements="14" coveredstatements="14" elements="22" coveredelements="22"/>
        </class>
        <line num="26" type="method" name="__construct" visibility="public" complexity="1" crap="1" count="47"/>
        <line num="28" type="stmt" count="47"/>
        <line num="29" type="stmt" count="47"/>
        <line num="30" type="stmt" count="47"/>
        <line num="31" type="stmt" count="47"/>
        <line num="38" type="method" name="setOperator" visibility="public" complexity="1" crap="1" count="1"/>
        <line num="40" type="stmt" count="1"/>
        <line num="42" type="stmt" count="1"/>
        <line num="48" type="method" name="getOperator" visibility="public" complexity="1" crap="1" count="22"/>
        <line num="50" type="stmt" count="22"/>
        <line num="58" type="method" name="setValue" visibility="public" complexity="1" crap="1" count="9"/>
        <line num="60" type="stmt" count="9"/>
        <line num="62" type="stmt" count="9"/>
        <line num="68" type="method" name="getValue" visibility="public" complexity="1" crap="1" count="20"/>
        <line num="70" type="stmt" count="20"/>
        <line num="76" type="method" name="hasColumnName" visibility="public" complexity="1" crap="1" count="1"/>
        <line num="78" type="stmt" count="1"/>
        <line num="86" type="method" name="setColumnName" visibility="public" complexity="1" crap="1" count="2"/>
        <line num="88" type="stmt" count="2"/>
        <line num="90" type="stmt" count="2"/>
        <line num="96" type="method" name="getColumnName" visibility="public" complexity="1" crap="1" count="1"/>
        <line num="98" type="stmt" count="1"/>
        <metrics loc="100" ncloc="59" classes="1" methods="8" coveredmethods="8" conditionals="0" coveredconditionals="0" statements="14" coveredstatements="14" elements="22" coveredelements="22"/>
      </file>
      <file name="/Users/samuele/Desktop/APYDataGridBundle/Grid/Grid.php">
        <class name="Grid" namespace="APY\DataGridBundle\Grid">
          <metrics complexity="318" methods="105" coveredmethods="102" conditionals="0" coveredconditionals="0" statements="592" coveredstatements="588" elements="697" coveredelements="690"/>
        </class>
        <line num="325" type="method" name="__construct" visibility="public" complexity="3" crap="3" count="298"/>
        <line num="328" type="stmt" count="298"/>
        <line num="329" type="stmt" count="298"/>
        <line num="331" type="stmt" count="298"/>
        <line num="332" type="stmt" count="298"/>
        <line num="333" type="stmt" count="298"/>
        <line num="334" type="stmt" count="298"/>
        <line num="336" type="stmt" count="298"/>
        <line num="338" type="stmt" count="298"/>
        <line num="340" type="stmt" count="298"/>
        <line num="341" type="stmt" count="298"/>
        <line num="342" type="stmt" count="3"/>
        <line num="343" type="stmt" count="3"/>
        <line num="346" type="stmt" count="298"/>
        <line num="351" type="method" name="initialize" visibility="public" complexity="15" crap="15" count="19"/>
        <line num="353" type="stmt" count="19"/>
        <line num="355" type="stmt" count="19"/>
        <line num="356" type="stmt" count="1"/>
        <line num="359" type="stmt" count="18"/>
        <line num="362" type="stmt" count="18"/>
        <line num="363" type="stmt" count="18"/>
        <line num="364" type="stmt" count="2"/>
        <line num="365" type="stmt" count="2"/>
        <line num="370" type="stmt" count="18"/>
        <line num="371" type="stmt" count="3"/>
        <line num="375" type="stmt" count="18"/>
        <line num="376" type="stmt" count="3"/>
        <line num="380" type="stmt" count="18"/>
        <line num="382" type="stmt" count="2"/>
        <line num="384" type="stmt" count="2"/>
        <line num="385" type="stmt" count="2"/>
        <line num="388" type="stmt" count="2"/>
        <line num="389" type="stmt" count="2"/>
        <line num="394" type="stmt" count="18"/>
        <line num="396" type="stmt" count="18"/>
        <line num="397" type="stmt" count="4"/>
        <line num="399" type="stmt" count="4"/>
        <line num="401" type="stmt" count="4"/>
        <line num="402" type="stmt" count="3"/>
        <line num="403" type="stmt" count="3"/>
        <line num="404" type="stmt" count="2"/>
        <line num="405" type="stmt" count="1"/>
        <line num="409" type="stmt" count="2"/>
        <line num="415" type="stmt" count="18"/>
        <line num="416" type="stmt" count="2"/>
        <line num="419" type="stmt" count="18"/>
        <line num="420" type="stmt" count="2"/>
        <line num="424" type="stmt" count="18"/>
        <line num="425" type="stmt" count="18"/>
        <line num="427" type="stmt" count="18"/>
        <line num="433" type="method" name="handleRequest" visibility="public" complexity="4" crap="4" count="91"/>
        <line num="435" type="stmt" count="91"/>
        <line num="436" type="stmt" count="2"/>
        <line num="439" type="stmt" count="89"/>
        <line num="440" type="stmt" count="89"/>
        <line num="442" type="stmt" count="89"/>
        <line num="444" type="stmt" count="89"/>
        <line num="446" type="stmt" count="89"/>
        <line num="448" type="stmt" count="89"/>
        <line num="450" type="stmt" count="89"/>
        <line num="452" type="stmt" count="89"/>
        <line num="453" type="stmt" count="44"/>
        <line num="456" type="stmt" count="85"/>
        <line num="457" type="stmt" count="84"/>
        <line num="460" type="stmt" count="80"/>
        <line num="462" type="stmt" count="80"/>
        <line num="464" type="stmt" count="80"/>
        <line num="466" type="stmt" count="76"/>
        <line num="478" type="method" name="setSource" visibility="public" complexity="2" crap="2" count="171"/>
        <line num="480" type="stmt" count="171"/>
        <line num="481" type="stmt" count="1"/>
        <line num="484" type="stmt" count="171"/>
        <line num="486" type="stmt" count="171"/>
        <line num="489" type="stmt" count="171"/>
        <line num="491" type="stmt" count="171"/>
        <line num="494" type="method" name="getSource" visibility="public" complexity="1" crap="1" count="1"/>
        <line num="496" type="stmt" count="1"/>
        <line num="502" type="method" name="isReadyForRedirect" visibility="public" complexity="8" crap="8" count="79"/>
        <line num="504" type="stmt" count="79"/>
        <line num="505" type="stmt" count="1"/>
        <line num="508" type="stmt" count="78"/>
        <line num="509" type="stmt" count="0"/>
        <line num="512" type="stmt" count="78"/>
        <line num="514" type="stmt" count="78"/>
        <line num="516" type="stmt" count="78"/>
        <line num="518" type="stmt" count="78"/>
        <line num="520" type="stmt" count="78"/>
        <line num="523" type="stmt" count="78"/>
        <line num="524" type="stmt" count="52"/>
        <line num="526" type="stmt" count="48"/>
        <line num="529" type="stmt" count="74"/>
        <line num="530" type="stmt" count="32"/>
        <line num="531" type="stmt" count="31"/>
        <line num="534" type="stmt" count="27"/>
        <line num="537" type="stmt" count="27"/>
        <line num="539" type="stmt" count="27"/>
        <line num="541" type="stmt" count="27"/>
        <line num="544" type="stmt" count="69"/>
        <line num="547" type="method" name="getCurrentUri" visibility="protected" complexity="1" crap="1" count="154"/>
        <line num="549" type="stmt" count="154"/>
        <line num="552" type="method" name="processPersistence" visibility="protected" complexity="6" crap="6" count="167"/>
        <line num="554" type="stmt" count="167"/>
        <line num="557" type="stmt" count="167"/>
        <line num="558" type="stmt" count="167"/>
        <line num="559" type="stmt" count="156"/>
        <line num="562" type="stmt" count="167"/>
        <line num="563" type="stmt" count="165"/>
        <line num="565" type="stmt" count="167"/>
        <line num="567" type="method" name="processLazyParameters" visibility="protected" complexity="7" crap="7" count="167"/>
        <line num="570" type="stmt" count="167"/>
        <line num="571" type="stmt" count="126"/>
        <line num="575" type="stmt" count="167"/>
        <line num="576" type="stmt" count="2"/>
        <line num="580" type="stmt" count="167"/>
        <line num="581" type="stmt" count="2"/>
        <line num="582" type="stmt" count="2"/>
        <line num="583" type="stmt" count="2"/>
        <line num="586" type="stmt" count="2"/>
        <line num="587" type="stmt" count="2"/>
        <line num="592" type="stmt" count="167"/>
        <line num="593" type="stmt" count="2"/>
        <line num="595" type="stmt" count="167"/>
        <line num="600" type="method" name="processRequestData" visibility="protected" complexity="3" crap="3" count="96"/>
        <line num="602" type="stmt" count="96"/>
        <line num="604" type="stmt" count="92"/>
        <line num="605" type="stmt" count="90"/>
        <line num="606" type="stmt" count="36"/>
        <line num="609" type="stmt" count="52"/>
        <line num="611" type="stmt" count="52"/>
        <line num="613" type="stmt" count="52"/>
        <line num="615" type="stmt" count="52"/>
        <line num="617" type="stmt" count="52"/>
        <line num="618" type="stmt" count="52"/>
        <line num="628" type="method" name="processMassActions" visibility="protected" complexity="10" crap="10" count="96"/>
        <line num="630" type="stmt" count="96"/>
        <line num="631" type="stmt" count="15"/>
        <line num="632" type="stmt" count="13"/>
        <line num="633" type="stmt" count="13"/>
        <line num="634" type="stmt" count="13"/>
        <line num="636" type="stmt" count="13"/>
        <line num="637" type="stmt" count="13"/>
        <line num="638" type="stmt" count="5"/>
        <line num="639" type="stmt" count="5"/>
        <line num="642" type="stmt" count="13"/>
        <line num="644" type="stmt" count="13"/>
        <line num="645" type="stmt" count="5"/>
        <line num="646" type="stmt" count="3"/>
        <line num="650" type="stmt" count="13"/>
        <line num="651" type="stmt" count="8"/>
        <line num="652" type="stmt" count="5"/>
        <line num="653" type="stmt" count="3"/>
        <line num="655" type="stmt" count="3"/>
        <line num="656" type="stmt" count="3"/>
        <line num="657" type="stmt" count="3"/>
        <line num="659" type="stmt" count="3"/>
        <line num="662" type="stmt" count="3"/>
        <line num="664" type="stmt" count="3"/>
        <line num="666" type="stmt" count="13"/>
        <line num="669" type="stmt" count="2"/>
        <line num="672" type="stmt" count="92"/>
        <line num="683" type="method" name="processExports" visibility="protected" complexity="5" crap="5" count="92"/>
        <line num="685" type="stmt" count="92"/>
        <line num="686" type="stmt" count="14"/>
        <line num="687" type="stmt" count="12"/>
        <line num="689" type="stmt" count="12"/>
        <line num="690" type="stmt" count="12"/>
        <line num="691" type="stmt" count="12"/>
        <line num="692" type="stmt" count="12"/>
        <line num="694" type="stmt" count="12"/>
        <line num="695" type="stmt" count="12"/>
        <line num="696" type="stmt" count="10"/>
        <line num="698" type="stmt" count="12"/>
        <line num="700" type="stmt" count="12"/>
        <line num="702" type="stmt" count="12"/>
        <line num="704" type="stmt" count="2"/>
        <line num="708" type="stmt" count="78"/>
        <line num="720" type="method" name="processTweaks" visibility="protected" complexity="21" crap="21" count="80"/>
        <line num="722" type="stmt" count="80"/>
        <line num="723" type="stmt" count="29"/>
        <line num="724" type="stmt" count="27"/>
        <line num="725" type="stmt" count="27"/>
        <line num="727" type="stmt" count="27"/>
        <line num="728" type="stmt" count="3"/>
        <line num="729" type="stmt" count="3"/>
        <line num="732" type="stmt" count="27"/>
        <line num="733" type="stmt" count="10"/>
        <line num="734" type="stmt" count="10"/>
        <line num="735" type="stmt" count="10"/>
        <line num="736" type="stmt" count="10"/>
        <line num="739" type="stmt" count="27"/>
        <line num="740" type="stmt" count="8"/>
        <line num="741" type="stmt" count="8"/>
        <line num="744" type="stmt" count="27"/>
        <line num="745" type="stmt" count="2"/>
        <line num="748" type="stmt" count="27"/>
        <line num="749" type="stmt" count="10"/>
        <line num="750" type="stmt" count="10"/>
        <line num="753" type="stmt" count="27"/>
        <line num="754" type="stmt" count="8"/>
        <line num="755" type="stmt" count="8"/>
        <line num="758" type="stmt" count="27"/>
        <line num="759" type="stmt" count="4"/>
        <line num="762" type="stmt" count="27"/>
        <line num="763" type="stmt" count="18"/>
        <line num="764" type="stmt" count="18"/>
        <line num="765" type="stmt" count="18"/>
        <line num="768" type="stmt" count="27"/>
        <line num="769" type="stmt" count="2"/>
        <line num="770" type="stmt" count="2"/>
        <line num="771" type="stmt" count="2"/>
        <line num="772" type="stmt" count="2"/>
        <line num="773" type="stmt" count="2"/>
        <line num="777" type="stmt" count="2"/>
        <line num="780" type="stmt" count="27"/>
        <line num="781" type="stmt" count="2"/>
        <line num="782" type="stmt" count="2"/>
        <line num="783" type="stmt" count="2"/>
        <line num="784" type="stmt" count="2"/>
        <line num="785" type="stmt" count="2"/>
        <line num="786" type="stmt" count="2"/>
        <line num="791" type="stmt" count="2"/>
        <line num="794" type="stmt" count="27"/>
        <line num="795" type="stmt" count="2"/>
        <line num="796" type="stmt" count="2"/>
        <line num="797" type="stmt" count="2"/>
        <line num="798" type="stmt" count="2"/>
        <line num="799" type="stmt" count="2"/>
        <line num="803" type="stmt" count="2"/>
        <line num="806" type="stmt" count="27"/>
        <line num="808" type="stmt" count="27"/>
        <line num="810" type="stmt" count="2"/>
        <line num="814" type="stmt" count="52"/>
        <line num="817" type="method" name="processRequestFilters" visibility="protected" complexity="13" crap="13.03" count="52"/>
        <line num="819" type="stmt" count="52"/>
        <line num="820" type="stmt" count="52"/>
        <line num="821" type="stmt" count="46"/>
        <line num="822" type="stmt" count="17"/>
        <line num="825" type="stmt" count="17"/>
        <line num="828" type="stmt" count="17"/>
        <line num="829" type="stmt" count="17"/>
        <line num="830" type="stmt" count="17"/>
        <line num="831" type="stmt" count="17"/>
        <line num="832" type="stmt" count="17"/>
        <line num="833" type="stmt" count="17"/>
        <line num="834" type="stmt" count="17"/>
        <line num="835" type="stmt" count="0"/>
        <line num="839" type="stmt" count="17"/>
        <line num="842" type="stmt" count="17"/>
        <line num="843" type="stmt" count="46"/>
        <line num="848" type="stmt" count="52"/>
        <line num="851" type="method" name="processPage" visibility="protected" complexity="5" crap="5" count="61"/>
        <line num="854" type="stmt" count="61"/>
        <line num="855" type="stmt" count="53"/>
        <line num="856" type="stmt" count="43"/>
        <line num="857" type="stmt" count="61"/>
        <line num="858" type="stmt" count="31"/>
        <line num="860" type="stmt" count="30"/>
        <line num="862" type="stmt" count="61"/>
        <line num="864" type="method" name="processOrder" visibility="protected" complexity="4" crap="4" count="60"/>
        <line num="866" type="stmt" count="60"/>
        <line num="867" type="stmt" count="16"/>
        <line num="869" type="stmt" count="16"/>
        <line num="870" type="stmt" count="16"/>
        <line num="871" type="stmt" count="6"/>
        <line num="874" type="stmt" count="60"/>
        <line num="876" type="method" name="processLimit" visibility="protected" complexity="2" crap="2" count="60"/>
        <line num="878" type="stmt" count="60"/>
        <line num="879" type="stmt" count="13"/>
        <line num="881" type="stmt" count="60"/>
        <line num="883" type="method" name="setDefaultSessionData" visibility="protected" complexity="9" crap="9" count="115"/>
        <line num="886" type="stmt" count="115"/>
        <line num="889" type="stmt" count="115"/>
        <line num="890" type="stmt" count="5"/>
        <line num="891" type="stmt" count="3"/>
        <line num="893" type="stmt" count="2"/>
        <line num="898" type="stmt" count="113"/>
        <line num="899" type="stmt" count="9"/>
        <line num="901" type="stmt" count="9"/>
        <line num="902" type="stmt" count="7"/>
        <line num="903" type="stmt" count="5"/>
        <line num="905" type="stmt" count="2"/>
        <line num="909" type="stmt" count="109"/>
        <line num="910" type="stmt" count="7"/>
        <line num="911" type="stmt" count="5"/>
        <line num="912" type="stmt" count="3"/>
        <line num="914" type="stmt" count="5"/>
        <line num="917" type="stmt" count="2"/>
        <line num="922" type="stmt" count="105"/>
        <line num="923" type="stmt" count="3"/>
        <line num="925" type="stmt" count="105"/>
        <line num="926" type="stmt" count="105"/>
        <line num="931" type="method" name="processFilters" visibility="protected" complexity="14" crap="14" count="121"/>
        <line num="933" type="stmt" count="121"/>
        <line num="935" type="stmt" count="17"/>
        <line num="937" type="stmt" count="17"/>
        <line num="939" type="stmt" count="1"/>
        <line num="943" type="stmt" count="17"/>
        <line num="944" type="stmt" count="4"/>
        <line num="948" type="stmt" count="17"/>
        <line num="949" type="stmt" count="4"/>
        <line num="953" type="stmt" count="17"/>
        <line num="954" type="stmt" count="14"/>
        <line num="955" type="stmt" count="14"/>
        <line num="958" type="stmt" count="14"/>
        <line num="959" type="stmt" count="14"/>
        <line num="964" type="stmt" count="17"/>
        <line num="966" type="stmt" count="121"/>
        <line num="968" type="method" name="processPermanentFilters" visibility="protected" complexity="1" crap="1" count="107"/>
        <line num="970" type="stmt" count="107"/>
        <line num="971" type="stmt" count="107"/>
        <line num="972" type="stmt" count="107"/>
        <line num="974" type="method" name="processDefaultFilters" visibility="protected" complexity="1" crap="1" count="119"/>
        <line num="976" type="stmt" count="119"/>
        <line num="977" type="stmt" count="119"/>
        <line num="982" type="method" name="processSessionData" visibility="protected" complexity="6" crap="6" count="123"/>
        <line num="985" type="stmt" count="123"/>
        <line num="986" type="stmt" count="105"/>
        <line num="987" type="stmt" count="105"/>
        <line num="992" type="stmt" count="123"/>
        <line num="993" type="stmt" count="34"/>
        <line num="995" type="stmt" count="94"/>
        <line num="999" type="stmt" count="123"/>
        <line num="1000" type="stmt" count="8"/>
        <line num="1002" type="stmt" count="8"/>
        <line num="1006" type="stmt" count="123"/>
        <line num="1007" type="stmt" count="11"/>
        <line num="1009" type="stmt" count="112"/>
        <line num="1011" type="stmt" count="123"/>
        <line num="1020" type="method" name="prepare" visibility="protected" complexity="14" crap="14" count="123"/>
        <line num="1022" type="stmt" count="123"/>
        <line num="1023" type="stmt" count="9"/>
        <line num="1026" type="stmt" count="123"/>
        <line num="1027" type="stmt" count="117"/>
        <line num="1029" type="stmt" count="6"/>
        <line num="1032" type="stmt" count="123"/>
        <line num="1033" type="stmt" count="2"/>
        <line num="1036" type="stmt" count="121"/>
        <line num="1037" type="stmt" count="7"/>
        <line num="1038" type="stmt" count="7"/>
        <line num="1040" type="stmt" count="7"/>
        <line num="1044" type="stmt" count="121"/>
        <line num="1045" type="stmt" count="2"/>
        <line num="1046" type="stmt" count="2"/>
        <line num="1047" type="stmt" count="1"/>
        <line num="1049" type="stmt" count="1"/>
        <line num="1050" type="stmt" count="1"/>
        <line num="1051" type="stmt" count="1"/>
        <line num="1054" type="stmt" count="2"/>
        <line num="1060" type="stmt" count="121"/>
        <line num="1061" type="stmt" count="14"/>
        <line num="1064" type="stmt" count="121"/>
        <line num="1066" type="stmt" count="121"/>
        <line num="1067" type="stmt" count="30"/>
        <line num="1071" type="stmt" count="121"/>
        <line num="1072" type="stmt" count="116"/>
        <line num="1073" type="stmt" count="116"/>
        <line num="1075" type="stmt" count="5"/>
        <line num="1076" type="stmt" count="5"/>
        <line num="1079" type="stmt" count="121"/>
        <line num="1080" type="stmt" count="2"/>
        <line num="1083" type="stmt" count="119"/>
        <line num="1085" type="stmt" count="119"/>
        <line num="1095" type="method" name="getFromRequest" visibility="protected" complexity="2" crap="2" count="97"/>
        <line num="1097" type="stmt" count="97"/>
        <line num="1098" type="stmt" count="94"/>
        <line num="1100" type="stmt" count="95"/>
        <line num="1109" type="method" name="get" visibility="protected" complexity="2" crap="2" count="132"/>
        <line num="1111" type="stmt" count="132"/>
        <line num="1112" type="stmt" count="55"/>
        <line num="1114" type="stmt" count="130"/>
        <line num="1122" type="method" name="set" visibility="protected" complexity="11" crap="12.89" count="86"/>
        <line num="1125" type="stmt" count="86"/>
        <line num="1126" type="stmt" count="86"/>
        <line num="1127" type="stmt" count="86"/>
        <line num="1128" type="stmt" count="0"/>
        <line num="1129" type="stmt" count="0"/>
        <line num="1131" type="stmt" count="86"/>
        <line num="1132" type="stmt" count="84"/>
        <line num="1134" type="stmt" count="86"/>
        <line num="1136" type="method" name="saveSession" visibility="protected" complexity="2" crap="2" count="145"/>
        <line num="1138" type="stmt" count="145"/>
        <line num="1139" type="stmt" count="86"/>
        <line num="1141" type="stmt" count="145"/>
        <line num="1143" type="method" name="createHash" visibility="protected" complexity="2" crap="2" count="167"/>
        <line num="1145" type="stmt" count="167"/>
        <line num="1146" type="stmt" count="167"/>
        <line num="1148" type="method" name="getHash" visibility="public" complexity="1" crap="1" count="8"/>
        <line num="1150" type="stmt" count="8"/>
        <line num="1161" type="method" name="addColumn" visibility="public" complexity="1" crap="1" count="134"/>
        <line num="1163" type="stmt" count="134"/>
        <line num="1165" type="stmt" count="134"/>
        <line num="1175" type="method" name="getColumn" visibility="public" complexity="3" crap="3" count="4"/>
        <line num="1177" type="stmt" count="4"/>
        <line num="1178" type="stmt" count="2"/>
        <line num="1179" type="stmt" count="2"/>
        <line num="1183" type="stmt" count="2"/>
        <line num="1191" type="method" name="getColumns" visibility="public" complexity="1" crap="1" count="3"/>
        <line num="1193" type="stmt" count="3"/>
        <line num="1203" type="method" name="hasColumn" visibility="public" complexity="3" crap="3" count="2"/>
        <line num="1205" type="stmt" count="2"/>
        <line num="1206" type="stmt" count="1"/>
        <line num="1207" type="stmt" count="1"/>
        <line num="1211" type="stmt" count="1"/>
        <line num="1221" type="method" name="setColumns" visibility="public" complexity="1" crap="1" count="44"/>
        <line num="1223" type="stmt" count="44"/>
        <line num="1225" type="stmt" count="44"/>
        <line num="1238" type="method" name="setColumnsOrder" visibility="public" complexity="1" crap="1" count="2"/>
        <line num="1240" type="stmt" count="2"/>
        <line num="1242" type="stmt" count="2"/>
        <line num="1252" type="method" name="addMassAction" visibility="public" complexity="3" crap="3" count="18"/>
        <line num="1254" type="stmt" count="18"/>
        <line num="1255" type="stmt" count="17"/>
        <line num="1258" type="stmt" count="18"/>
        <line num="1266" type="method" name="getMassActions" visibility="public" complexity="1" crap="1" count="1"/>
        <line num="1268" type="stmt" count="1"/>
        <line num="1281" type="method" name="addTweak" visibility="public" complexity="4" crap="4" count="37"/>
        <line num="1283" type="stmt" count="37"/>
        <line num="1284" type="stmt" count="1"/>
        <line num="1287" type="stmt" count="36"/>
        <line num="1288" type="stmt" count="36"/>
        <line num="1289" type="stmt" count="35"/>
        <line num="1291" type="stmt" count="1"/>
        <line num="1294" type="stmt" count="36"/>
        <line num="1303" type="method" name="getTweaks" visibility="public" complexity="3" crap="3" count="5"/>
        <line num="1305" type="stmt" count="5"/>
        <line num="1306" type="stmt" count="5"/>
        <line num="1308" type="stmt" count="5"/>
        <line num="1309" type="stmt" count="5"/>
        <line num="1312" type="stmt" count="5"/>
        <line num="1315" type="method" name="getActiveTweaks" visibility="public" complexity="1" crap="1" count="18"/>
        <line num="1317" type="stmt" count="18"/>
        <line num="1325" type="method" name="getTweak" visibility="public" complexity="2" crap="2" count="2"/>
        <line num="1327" type="stmt" count="2"/>
        <line num="1328" type="stmt" count="2"/>
        <line num="1329" type="stmt" count="1"/>
        <line num="1332" type="stmt" count="1"/>
        <line num="1340" type="method" name="getTweaksGroup" visibility="public" complexity="3" crap="3" count="1"/>
        <line num="1342" type="stmt" count="1"/>
        <line num="1344" type="stmt" count="1"/>
        <line num="1345" type="stmt" count="1"/>
        <line num="1346" type="stmt" count="1"/>
        <line num="1350" type="stmt" count="1"/>
        <line num="1353" type="method" name="getActiveTweakGroup" visibility="public" complexity="2" crap="2" count="1"/>
        <line num="1355" type="stmt" count="1"/>
        <line num="1357" type="stmt" count="1"/>
        <line num="1367" type="method" name="addRowAction" visibility="public" complexity="3" crap="3" count="6"/>
        <line num="1369" type="stmt" count="6"/>
        <line num="1370" type="stmt" count="5"/>
        <line num="1373" type="stmt" count="6"/>
        <line num="1381" type="method" name="getRowActions" visibility="public" complexity="1" crap="1" count="1"/>
        <line num="1383" type="stmt" count="1"/>
        <line num="1395" type="method" name="setTemplate" visibility="public" complexity="4" crap="4" count="6"/>
        <line num="1397" type="stmt" count="6"/>
        <line num="1398" type="stmt" count="5"/>
        <line num="1399" type="stmt" count="2"/>
        <line num="1400" type="stmt" count="3"/>
        <line num="1401" type="stmt" count="1"/>
        <line num="1404" type="stmt" count="4"/>
        <line num="1405" type="stmt" count="4"/>
        <line num="1408" type="stmt" count="5"/>
        <line num="1416" type="method" name="getTemplate" visibility="public" complexity="1" crap="1" count="2"/>
        <line num="1418" type="stmt" count="2"/>
        <line num="1428" type="method" name="addExport" visibility="public" complexity="3" crap="3" count="16"/>
        <line num="1430" type="stmt" count="16"/>
        <line num="1431" type="stmt" count="15"/>
        <line num="1434" type="stmt" count="16"/>
        <line num="1442" type="method" name="getExports" visibility="public" complexity="1" crap="1" count="1"/>
        <line num="1444" type="stmt" count="1"/>
        <line num="1452" type="method" name="getExportResponse" visibility="public" complexity="1" crap="1" count="2"/>
        <line num="1454" type="stmt" count="2"/>
        <line num="1462" type="method" name="getMassActionResponse" visibility="public" complexity="1" crap="1" count="6"/>
        <line num="1464" type="stmt" count="6"/>
        <line num="1475" type="method" name="setRouteParameter" visibility="public" complexity="1" crap="1" count="4"/>
        <line num="1477" type="stmt" count="4"/>
        <line num="1479" type="stmt" count="4"/>
        <line num="1487" type="method" name="getRouteParameters" visibility="public" complexity="1" crap="1" count="5"/>
        <line num="1489" type="stmt" count="5"/>
        <line num="1499" type="method" name="setRouteUrl" visibility="public" complexity="1" crap="1" count="8"/>
        <line num="1501" type="stmt" count="8"/>
        <line num="1503" type="stmt" count="8"/>
        <line num="1511" type="method" name="getRouteUrl" visibility="public" complexity="2" crap="2" count="8"/>
        <line num="1513" type="stmt" count="8"/>
        <line num="1514" type="stmt" count="4"/>
        <line num="1517" type="stmt" count="8"/>
        <line num="1520" type="method" name="isReadyForExport" visibility="public" complexity="1" crap="1" count="9"/>
        <line num="1522" type="stmt" count="9"/>
        <line num="1525" type="method" name="isMassActionRedirect" visibility="public" complexity="1" crap="1" count="8"/>
        <line num="1527" type="stmt" count="8"/>
        <line num="1538" type="method" name="setFilters" visibility="protected" complexity="3" crap="3" count="21"/>
        <line num="1540" type="stmt" count="21"/>
        <line num="1541" type="stmt" count="21"/>
        <line num="1542" type="stmt" count="2"/>
        <line num="1544" type="stmt" count="21"/>
        <line num="1548" type="stmt" count="21"/>
        <line num="1558" type="method" name="setPermanentFilters" visibility="public" complexity="1" crap="1" count="2"/>
        <line num="1560" type="stmt" count="2"/>
        <line num="1570" type="method" name="setDefaultFilters" visibility="public" complexity="1" crap="1" count="19"/>
        <line num="1572" type="stmt" count="19"/>
        <line num="1582" type="method" name="setDefaultOrder" visibility="public" complexity="1" crap="1" count="14"/>
        <line num="1584" type="stmt" count="14"/>
        <line num="1585" type="stmt" count="14"/>
        <line num="1587" type="stmt" count="14"/>
        <line num="1597" type="method" name="setId" visibility="public" complexity="1" crap="1" count="2"/>
        <line num="1599" type="stmt" count="2"/>
        <line num="1601" type="stmt" count="2"/>
        <line num="1609" type="method" name="getId" visibility="public" complexity="1" crap="1" count="166"/>
        <line num="1611" type="stmt" count="166"/>
        <line num="1621" type="method" name="setPersistence" visibility="public" complexity="1" crap="1" count="24"/>
        <line num="1623" type="stmt" count="24"/>
        <line num="1625" type="stmt" count="24"/>
        <line num="1633" type="method" name="getPersistence" visibility="public" complexity="1" crap="1" count="1"/>
        <line num="1635" type="stmt" count="1"/>
        <line num="1638" type="method" name="getDataJunction" visibility="public" complexity="1" crap="1" count="1"/>
        <line num="1640" type="stmt" count="1"/>
        <line num="1643" type="method" name="setDataJunction" visibility="public" complexity="1" crap="1" count="3"/>
        <line num="1645" type="stmt" count="3"/>
        <line num="1647" type="stmt" count="3"/>
        <line num="1659" type="method" name="setLimits" visibility="public" complexity="4" crap="4" count="29"/>
        <line num="1661" type="stmt" count="29"/>
        <line num="1662" type="stmt" count="12"/>
        <line num="1663" type="stmt" count="6"/>
        <line num="1665" type="stmt" count="12"/>
        <line num="1667" type="stmt" count="17"/>
        <line num="1668" type="stmt" count="16"/>
        <line num="1670" type="stmt" count="1"/>
        <line num="1673" type="stmt" count="28"/>
        <line num="1681" type="method" name="getLimits" visibility="public" complexity="1" crap="1" count="4"/>
        <line num="1683" type="stmt" count="4"/>
        <line num="1691" type="method" name="getLimit" visibility="public" complexity="1" crap="1" count="2"/>
        <line num="1693" type="stmt" count="2"/>
        <line num="1703" type="method" name="setDefaultLimit" visibility="public" complexity="1" crap="1" count="9"/>
        <line num="1705" type="stmt" count="9"/>
        <line num="1707" type="stmt" count="9"/>
        <line num="1717" type="method" name="setDefaultPage" visibility="public" complexity="1" crap="1" count="8"/>
        <line num="1719" type="stmt" count="8"/>
        <line num="1721" type="stmt" count="8"/>
        <line num="1731" type="method" name="setDefaultTweak" visibility="public" complexity="1" crap="1" count="6"/>
        <line num="1733" type="stmt" count="6"/>
        <line num="1735" type="stmt" count="6"/>
        <line num="1747" type="method" name="setPage" visibility="public" complexity="2" crap="2" count="145"/>
        <line num="1749" type="stmt" count="145"/>
        <line num="1750" type="stmt" count="144"/>
        <line num="1752" type="stmt" count="1"/>
        <line num="1755" type="stmt" count="144"/>
        <line num="1763" type="method" name="getPage" visibility="public" complexity="1" crap="1" count="1"/>
        <line num="1765" type="stmt" count="1"/>
        <line num="1773" type="method" name="getRows" visibility="public" complexity="1" crap="1" count="1"/>
        <line num="1775" type="stmt" count="1"/>
        <line num="1783" type="method" name="getPageCount" visibility="public" complexity="2" crap="2" count="2"/>
        <line num="1785" type="stmt" count="2"/>
        <line num="1786" type="stmt" count="2"/>
        <line num="1787" type="stmt" count="1"/>
        <line num="1791" type="stmt" count="2"/>
        <line num="1799" type="method" name="getTotalCount" visibility="public" complexity="1" crap="1" count="2"/>
        <line num="1801" type="stmt" count="2"/>
        <line num="1813" type="method" name="setMaxResults" visibility="public" complexity="4" crap="4" count="24"/>
        <line num="1815" type="stmt" count="24"/>
        <line num="1816" type="stmt" count="1"/>
        <line num="1819" type="stmt" count="23"/>
        <line num="1821" type="stmt" count="23"/>
        <line num="1829" type="method" name="isFiltered" visibility="public" complexity="3" crap="3" count="2"/>
        <line num="1831" type="stmt" count="2"/>
        <line num="1832" type="stmt" count="2"/>
        <line num="1833" type="stmt" count="2"/>
        <line num="1837" type="stmt" count="1"/>
        <line num="1845" type="method" name="isTitleSectionVisible" visibility="public" complexity="4" crap="4" count="3"/>
        <line num="1847" type="stmt" count="3"/>
        <line num="1848" type="stmt" count="2"/>
        <line num="1849" type="stmt" count="2"/>
        <line num="1850" type="stmt" count="2"/>
        <line num="1855" type="stmt" count="2"/>
        <line num="1863" type="method" name="isFilterSectionVisible" visibility="public" complexity="6" crap="6" count="5"/>
        <line num="1865" type="stmt" count="5"/>
        <line num="1866" type="stmt" count="4"/>
        <line num="1867" type="stmt" count="4"/>
        <line num="1868" type="stmt" count="4"/>
        <line num="1873" type="stmt" count="4"/>
        <line num="1881" type="method" name="isPagerSectionVisible" visibility="public" complexity="2" crap="2" count="3"/>
        <line num="1883" type="stmt" count="3"/>
        <line num="1885" type="stmt" count="3"/>
        <line num="1886" type="stmt" count="1"/>
        <line num="1890" type="stmt" count="2"/>
        <line num="1898" type="method" name="hideFilters" visibility="public" complexity="1" crap="1" count="2"/>
        <line num="1900" type="stmt" count="2"/>
        <line num="1902" type="stmt" count="2"/>
        <line num="1910" type="method" name="hideTitles" visibility="public" complexity="1" crap="1" count="2"/>
        <line num="1912" type="stmt" count="2"/>
        <line num="1914" type="stmt" count="2"/>
        <line num="1924" type="method" name="addColumnExtension" visibility="public" complexity="1" crap="1" count="1"/>
        <line num="1926" type="stmt" count="1"/>
        <line num="1928" type="stmt" count="1"/>
        <line num="1938" type="method" name="setPrefixTitle" visibility="public" complexity="1" crap="1" count="2"/>
        <line num="1940" type="stmt" count="2"/>
        <line num="1942" type="stmt" count="2"/>
        <line num="1950" type="method" name="getPrefixTitle" visibility="public" complexity="1" crap="1" count="1"/>
        <line num="1952" type="stmt" count="1"/>
        <line num="1962" type="method" name="setNoDataMessage" visibility="public" complexity="1" crap="1" count="2"/>
        <line num="1964" type="stmt" count="2"/>
        <line num="1966" type="stmt" count="2"/>
        <line num="1974" type="method" name="getNoDataMessage" visibility="public" complexity="1" crap="1" count="1"/>
        <line num="1976" type="stmt" count="1"/>
        <line num="1986" type="method" name="setNoResultMessage" visibility="public" complexity="1" crap="1" count="2"/>
        <line num="1988" type="stmt" count="2"/>
        <line num="1990" type="stmt" count="2"/>
        <line num="1998" type="method" name="getNoResultMessage" visibility="public" complexity="1" crap="1" count="1"/>
        <line num="2000" type="stmt" count="1"/>
        <line num="2010" type="method" name="setHiddenColumns" visibility="public" complexity="1" crap="1" count="4"/>
        <line num="2012" type="stmt" count="4"/>
        <line num="2014" type="stmt" count="4"/>
        <line num="2025" type="method" name="setVisibleColumns" visibility="public" complexity="1" crap="1" count="4"/>
        <line num="2027" type="stmt" count="4"/>
        <line num="2029" type="stmt" count="4"/>
        <line num="2039" type="method" name="showColumns" visibility="public" complexity="2" crap="2" count="4"/>
        <line num="2041" type="stmt" count="4"/>
        <line num="2042" type="stmt" count="4"/>
        <line num="2045" type="stmt" count="4"/>
        <line num="2055" type="method" name="hideColumns" visibility="public" complexity="2" crap="2" count="4"/>
        <line num="2057" type="stmt" count="4"/>
        <line num="2058" type="stmt" count="4"/>
        <line num="2061" type="stmt" count="4"/>
        <line num="2071" type="method" name="setActionsColumnSize" visibility="public" complexity="1" crap="1" count="2"/>
        <line num="2073" type="stmt" count="2"/>
        <line num="2075" type="stmt" count="2"/>
        <line num="2085" type="method" name="setActionsColumnTitle" visibility="public" complexity="1" crap="1" count="2"/>
        <line num="2087" type="stmt" count="2"/>
        <line num="2089" type="stmt" count="2"/>
        <line num="2097" type="method" name="deleteAction" visibility="public" complexity="1" crap="1" count="1"/>
        <line num="2099" type="stmt" count="1"/>
        <line num="2100" type="stmt" count="1"/>
        <line num="2105" type="method" name="__clone" visibility="public" complexity="1" crap="1" count="1"/>
        <line num="2108" type="stmt" count="1"/>
        <line num="2109" type="stmt" count="1"/>
        <line num="2122" type="method" name="getGridResponse" visibility="public" complexity="7" crap="7" count="8"/>
        <line num="2124" type="stmt" count="8"/>
        <line num="2126" type="stmt" count="8"/>
        <line num="2127" type="stmt" count="1"/>
        <line num="2130" type="stmt" count="7"/>
        <line num="2131" type="stmt" count="2"/>
        <line num="2134" type="stmt" count="5"/>
        <line num="2135" type="stmt" count="1"/>
        <line num="2137" type="stmt" count="4"/>
        <line num="2138" type="stmt" count="2"/>
        <line num="2139" type="stmt" count="2"/>
        <line num="2141" type="stmt" count="2"/>
        <line num="2142" type="stmt" count="2"/>
        <line num="2145" type="stmt" count="4"/>
        <line num="2147" type="stmt" count="4"/>
        <line num="2148" type="stmt" count="2"/>
        <line num="2150" type="stmt" count="2"/>
        <line num="2163" type="method" name="getRawData" visibility="public" complexity="6" crap="6" count="3"/>
        <line num="2165" type="stmt" count="3"/>
        <line num="2166" type="stmt" count="1"/>
        <line num="2167" type="stmt" count="1"/>
        <line num="2171" type="stmt" count="3"/>
        <line num="2172" type="stmt" count="3"/>
        <line num="2173" type="stmt" count="3"/>
        <line num="2174" type="stmt" count="3"/>
        <line num="2175" type="stmt" count="3"/>
        <line num="2176" type="stmt" count="3"/>
        <line num="2177" type="stmt" count="2"/>
        <line num="2179" type="stmt" count="3"/>
        <line num="2183" type="stmt" count="3"/>
        <line num="2186" type="stmt" count="3"/>
        <line num="2196" type="method" name="getFilters" visibility="public" complexity="8" crap="8" count="6"/>
        <line num="2198" type="stmt" count="6"/>
        <line num="2199" type="stmt" count="1"/>
        <line num="2202" type="stmt" count="5"/>
        <line num="2203" type="stmt" count="5"/>
        <line num="2204" type="stmt" count="5"/>
        <line num="2207" type="stmt" count="5"/>
        <line num="2208" type="stmt" count="5"/>
        <line num="2209" type="stmt" count="5"/>
        <line num="2210" type="stmt" count="5"/>
        <line num="2211" type="stmt" count="5"/>
        <line num="2212" type="stmt" count="5"/>
        <line num="2213" type="stmt" count="5"/>
        <line num="2214" type="stmt" count="5"/>
        <line num="2218" type="stmt" count="5"/>
        <line num="2219" type="stmt" count="5"/>
        <line num="2222" type="stmt" count="5"/>
        <line num="2223" type="stmt" count="3"/>
        <line num="2224" type="stmt" count="3"/>
        <line num="2225" type="stmt" count="3"/>
        <line num="2227" type="stmt" count="1"/>
        <line num="2230" type="stmt" count="3"/>
        <line num="2231" type="stmt" count="1"/>
        <line num="2234" type="stmt" count="3"/>
        <line num="2238" type="stmt" count="5"/>
        <line num="2251" type="method" name="getFilter" visibility="public" complexity="3" crap="3" count="5"/>
        <line num="2253" type="stmt" count="5"/>
        <line num="2254" type="stmt" count="1"/>
        <line num="2257" type="stmt" count="4"/>
        <line num="2259" type="stmt" count="4"/>
        <line num="2272" type="method" name="hasFilter" visibility="public" complexity="2" crap="2" count="3"/>
        <line num="2274" type="stmt" count="3"/>
        <line num="2275" type="stmt" count="1"/>
        <line num="2278" type="stmt" count="2"/>
        <metrics loc="2280" ncloc="1485" classes="1" methods="105" coveredmethods="102" conditionals="0" coveredconditionals="0" statements="592" coveredstatements="588" elements="697" coveredelements="690"/>
      </file>
      <file name="/Users/samuele/Desktop/APYDataGridBundle/Grid/GridBuilder.php">
        <class name="GridBuilder" namespace="APY\DataGridBundle\Grid">
          <metrics complexity="13" methods="6" coveredmethods="5" conditionals="0" coveredconditionals="0" statements="27" coveredstatements="23" elements="33" coveredelements="28"/>
        </class>
        <line num="46" type="method" name="__construct" visibility="public" complexity="1" crap="1" count="14"/>
        <line num="48" type="stmt" count="14"/>
        <line num="50" type="stmt" count="14"/>
        <line num="51" type="stmt" count="14"/>
        <line num="52" type="stmt" count="14"/>
        <line num="57" type="method" name="add" visibility="public" complexity="3" crap="3" count="7"/>
        <line num="59" type="stmt" count="7"/>
        <line num="60" type="stmt" count="6"/>
        <line num="61" type="stmt" count="1"/>
        <line num="64" type="stmt" count="5"/>
        <line num="67" type="stmt" count="6"/>
        <line num="69" type="stmt" count="6"/>
        <line num="75" type="method" name="get" visibility="public" complexity="2" crap="2" count="2"/>
        <line num="77" type="stmt" count="2"/>
        <line num="78" type="stmt" count="1"/>
        <line num="81" type="stmt" count="1"/>
        <line num="83" type="stmt" count="1"/>
        <line num="89" type="method" name="has" visibility="public" complexity="1" crap="1" count="6"/>
        <line num="91" type="stmt" count="6"/>
        <line num="97" type="method" name="remove" visibility="public" complexity="1" crap="1" count="2"/>
        <line num="99" type="stmt" count="2"/>
        <line num="101" type="stmt" count="2"/>
        <line num="107" type="method" name="getGrid" visibility="public" complexity="5" crap="6.60" count="3"/>
        <line num="109" type="stmt" count="3"/>
        <line num="111" type="stmt" count="3"/>
        <line num="113" type="stmt" count="3"/>
        <line num="114" type="stmt" count="0"/>
        <line num="117" type="stmt" count="3"/>
        <line num="118" type="stmt" count="0"/>
        <line num="119" type="stmt" count="0"/>
        <line num="120" type="stmt" count="0"/>
        <line num="125" type="stmt" count="3"/>
        <line num="127" type="stmt" count="3"/>
        <metrics loc="129" ncloc="86" classes="1" methods="6" coveredmethods="5" conditionals="0" coveredconditionals="0" statements="27" coveredstatements="23" elements="33" coveredelements="28"/>
      </file>
      <file name="/Users/samuele/Desktop/APYDataGridBundle/Grid/GridConfigBuilder.php">
        <class name="GridConfigBuilder" namespace="APY\DataGridBundle\Grid">
          <metrics complexity="34" methods="33" coveredmethods="33" conditionals="0" coveredconditionals="0" statements="50" coveredstatements="50" elements="83" coveredelements="83"/>
        </class>
        <line num="101" type="method" name="__construct" visibility="public" complexity="1" crap="1" count="46"/>
        <line num="103" type="stmt" count="46"/>
        <line num="104" type="stmt" count="46"/>
        <line num="105" type="stmt" count="46"/>
        <line num="110" type="method" name="getName" visibility="public" complexity="1" crap="1" count="5"/>
        <line num="112" type="stmt" count="5"/>
        <line num="118" type="method" name="getSource" visibility="public" complexity="1" crap="1" count="5"/>
        <line num="120" type="stmt" count="5"/>
        <line num="130" type="method" name="setSource" visibility="public" complexity="1" crap="1" count="2"/>
        <line num="132" type="stmt" count="2"/>
        <line num="134" type="stmt" count="2"/>
        <line num="140" type="method" name="getType" visibility="public" complexity="1" crap="1" count="3"/>
        <line num="142" type="stmt" count="3"/>
        <line num="152" type="method" name="setType" visibility="public" complexity="1" crap="1" count="6"/>
        <line num="154" type="stmt" count="6"/>
        <line num="156" type="stmt" count="6"/>
        <line num="162" type="method" name="getRoute" visibility="public" complexity="1" crap="1" count="4"/>
        <line num="164" type="stmt" count="4"/>
        <line num="174" type="method" name="setRoute" visibility="public" complexity="1" crap="1" count="4"/>
        <line num="176" type="stmt" count="4"/>
        <line num="178" type="stmt" count="4"/>
        <line num="184" type="method" name="getRouteParameters" visibility="public" complexity="1" crap="1" count="4"/>
        <line num="186" type="stmt" count="4"/>
        <line num="196" type="method" name="setRouteParameters" visibility="public" complexity="1" crap="1" count="4"/>
        <line num="198" type="stmt" count="4"/>
        <line num="200" type="stmt" count="4"/>
        <line num="206" type="method" name="isPersisted" visibility="public" complexity="1" crap="1" count="4"/>
        <line num="208" type="stmt" count="4"/>
        <line num="218" type="method" name="setPersistence" visibility="public" complexity="1" crap="1" count="4"/>
        <line num="220" type="stmt" count="4"/>
        <line num="222" type="stmt" count="4"/>
        <line num="228" type="method" name="getPage" visibility="public" complexity="1" crap="1" count="4"/>
        <line num="230" type="stmt" count="4"/>
        <line num="240" type="method" name="setPage" visibility="public" complexity="1" crap="1" count="4"/>
        <line num="242" type="stmt" count="4"/>
        <line num="244" type="stmt" count="4"/>
        <line num="250" type="method" name="getOptions" visibility="public" complexity="1" crap="1" count="2"/>
        <line num="252" type="stmt" count="2"/>
        <line num="258" type="method" name="hasOption" visibility="public" complexity="1" crap="1" count="1"/>
        <line num="260" type="stmt" count="1"/>
        <line num="266" type="method" name="getOption" visibility="public" complexity="2" crap="2" count="1"/>
        <line num="268" type="stmt" count="1"/>
        <line num="274" type="method" name="getMaxPerPage" visibility="public" complexity="1" crap="1" count="4"/>
        <line num="276" type="stmt" count="4"/>
        <line num="286" type="method" name="setMaxPerPage" visibility="public" complexity="1" crap="1" count="4"/>
        <line num="288" type="stmt" count="4"/>
        <line num="290" type="stmt" count="4"/>
        <line num="298" type="method" name="getMaxResults" visibility="public" complexity="1" crap="1" count="4"/>
        <line num="300" type="stmt" count="4"/>
        <line num="310" type="method" name="setMaxResults" visibility="public" complexity="1" crap="1" count="4"/>
        <line num="312" type="stmt" count="4"/>
        <line num="314" type="stmt" count="4"/>
        <line num="320" type="method" name="isSortable" visibility="public" complexity="1" crap="1" count="1"/>
        <line num="322" type="stmt" count="1"/>
        <line num="332" type="method" name="setSortable" visibility="public" complexity="1" crap="1" count="4"/>
        <line num="334" type="stmt" count="4"/>
        <line num="336" type="stmt" count="4"/>
        <line num="342" type="method" name="isFilterable" visibility="public" complexity="1" crap="1" count="1"/>
        <line num="344" type="stmt" count="1"/>
        <line num="354" type="method" name="setFilterable" visibility="public" complexity="1" crap="1" count="4"/>
        <line num="356" type="stmt" count="4"/>
        <line num="358" type="stmt" count="4"/>
        <line num="364" type="method" name="getOrder" visibility="public" complexity="1" crap="1" count="1"/>
        <line num="366" type="stmt" count="1"/>
        <line num="376" type="method" name="setOrder" visibility="public" complexity="1" crap="1" count="4"/>
        <line num="378" type="stmt" count="4"/>
        <line num="380" type="stmt" count="4"/>
        <line num="386" type="method" name="getSortBy" visibility="public" complexity="1" crap="1" count="4"/>
        <line num="388" type="stmt" count="4"/>
        <line num="398" type="method" name="setSortBy" visibility="public" complexity="1" crap="1" count="4"/>
        <line num="400" type="stmt" count="4"/>
        <line num="402" type="stmt" count="4"/>
        <line num="408" type="method" name="getGroupBy" visibility="public" complexity="1" crap="1" count="1"/>
        <line num="410" type="stmt" count="1"/>
        <line num="420" type="method" name="setGroupBy" visibility="public" complexity="1" crap="1" count="4"/>
        <line num="422" type="stmt" count="4"/>
        <line num="424" type="stmt" count="4"/>
        <line num="432" type="method" name="addAction" visibility="public" complexity="1" crap="1" count="1"/>
        <line num="434" type="stmt" count="1"/>
        <line num="436" type="stmt" count="1"/>
        <line num="442" type="method" name="getGridConfig" visibility="public" complexity="1" crap="1" count="4"/>
        <line num="444" type="stmt" count="4"/>
        <line num="446" type="stmt" count="4"/>
        <metrics loc="448" ncloc="237" classes="1" methods="33" coveredmethods="33" conditionals="0" coveredconditionals="0" statements="50" coveredstatements="50" elements="83" coveredelements="83"/>
      </file>
      <file name="/Users/samuele/Desktop/APYDataGridBundle/Grid/GridFactory.php">
        <class name="GridFactory" namespace="APY\DataGridBundle\Grid">
          <metrics complexity="12" methods="6" coveredmethods="5" conditionals="0" coveredconditionals="0" statements="33" coveredstatements="32" elements="39" coveredelements="37"/>
        </class>
        <line num="36" type="method" name="__construct" visibility="public" complexity="1" crap="1" count="8"/>
        <line num="38" type="stmt" count="8"/>
        <line num="39" type="stmt" count="8"/>
        <line num="40" type="stmt" count="8"/>
        <line num="45" type="method" name="create" visibility="public" complexity="1" crap="1" count="3"/>
        <line num="47" type="stmt" count="3"/>
        <line num="53" type="method" name="createBuilder" visibility="public" complexity="1" crap="1" count="5"/>
        <line num="55" type="stmt" count="5"/>
        <line num="56" type="stmt" count="4"/>
        <line num="58" type="stmt" count="4"/>
        <line num="59" type="stmt" count="4"/>
        <line num="61" type="stmt" count="4"/>
        <line num="63" type="stmt" count="4"/>
        <line num="69" type="method" name="createColumn" visibility="public" complexity="3" crap="3" count="3"/>
        <line num="71" type="stmt" count="3"/>
        <line num="72" type="stmt" count="2"/>
        <line num="73" type="stmt" count="1"/>
        <line num="76" type="stmt" count="1"/>
        <line num="78" type="stmt" count="1"/>
        <line num="79" type="stmt" count="1"/>
        <line num="80" type="stmt" count="1"/>
        <line num="81" type="stmt" count="1"/>
        <line num="83" type="stmt" count="1"/>
        <line num="85" type="stmt" count="1"/>
        <line num="86" type="stmt" count="1"/>
        <line num="89" type="stmt" count="2"/>
        <line num="99" type="method" name="resolveType" visibility="private" complexity="3" crap="3" count="5"/>
        <line num="101" type="stmt" count="5"/>
        <line num="102" type="stmt" count="3"/>
        <line num="103" type="stmt" count="1"/>
        <line num="106" type="stmt" count="2"/>
        <line num="109" type="stmt" count="4"/>
        <line num="121" type="method" name="resolveOptions" visibility="private" complexity="3" crap="3.04" count="4"/>
        <line num="123" type="stmt" count="4"/>
        <line num="125" type="stmt" count="4"/>
        <line num="127" type="stmt" count="4"/>
        <line num="128" type="stmt" count="0"/>
        <line num="131" type="stmt" count="4"/>
        <line num="133" type="stmt" count="4"/>
        <metrics loc="135" ncloc="91" classes="1" methods="6" coveredmethods="5" conditionals="0" coveredconditionals="0" statements="33" coveredstatements="32" elements="39" coveredelements="37"/>
      </file>
      <file name="/Users/samuele/Desktop/APYDataGridBundle/Grid/GridManager.php">
        <class name="GridManager" namespace="APY\DataGridBundle\Grid">
          <metrics complexity="29" methods="10" coveredmethods="10" conditionals="0" coveredconditionals="0" statements="73" coveredstatements="73" elements="83" coveredelements="83"/>
        </class>
        <line num="34" type="method" name="__construct" visibility="public" complexity="1" crap="1" count="28"/>
        <line num="36" type="stmt" count="28"/>
        <line num="37" type="stmt" count="28"/>
        <line num="38" type="stmt" count="28"/>
        <line num="40" type="method" name="getIterator" visibility="public" complexity="1" crap="1" count="1"/>
        <line num="42" type="stmt" count="1"/>
        <line num="45" type="method" name="count" visibility="public" complexity="1" crap="1" count="1"/>
        <line num="47" type="stmt" count="1"/>
        <line num="55" type="method" name="createGrid" visibility="public" complexity="2" crap="2" count="23"/>
        <line num="57" type="stmt" count="23"/>
        <line num="59" type="stmt" count="23"/>
        <line num="60" type="stmt" count="1"/>
        <line num="63" type="stmt" count="23"/>
        <line num="65" type="stmt" count="23"/>
        <line num="68" type="method" name="isReadyForRedirect" visibility="public" complexity="6" crap="6" count="14"/>
        <line num="70" type="stmt" count="14"/>
        <line num="71" type="stmt" count="1"/>
        <line num="74" type="stmt" count="13"/>
        <line num="76" type="stmt" count="13"/>
        <line num="77" type="stmt" count="13"/>
        <line num="80" type="stmt" count="13"/>
        <line num="81" type="stmt" count="11"/>
        <line num="82" type="stmt" count="11"/>
        <line num="85" type="stmt" count="13"/>
        <line num="86" type="stmt" count="13"/>
        <line num="88" type="stmt" count="13"/>
        <line num="89" type="stmt" count="2"/>
        <line num="92" type="stmt" count="13"/>
        <line num="93" type="stmt" count="1"/>
        <line num="96" type="stmt" count="13"/>
        <line num="98" type="stmt" count="13"/>
        <line num="101" type="stmt" count="12"/>
        <line num="104" type="method" name="isReadyForExport" visibility="public" complexity="5" crap="5" count="12"/>
        <line num="106" type="stmt" count="12"/>
        <line num="107" type="stmt" count="1"/>
        <line num="110" type="stmt" count="11"/>
        <line num="112" type="stmt" count="11"/>
        <line num="113" type="stmt" count="11"/>
        <line num="114" type="stmt" count="11"/>
        <line num="116" type="stmt" count="11"/>
        <line num="117" type="stmt" count="1"/>
        <line num="120" type="stmt" count="11"/>
        <line num="122" type="stmt" count="11"/>
        <line num="123" type="stmt" count="2"/>
        <line num="125" type="stmt" count="2"/>
        <line num="128" type="stmt" count="11"/>
        <line num="131" type="stmt" count="8"/>
        <line num="134" type="method" name="isMassActionRedirect" visibility="public" complexity="3" crap="3" count="9"/>
        <line num="136" type="stmt" count="9"/>
        <line num="137" type="stmt" count="9"/>
        <line num="138" type="stmt" count="9"/>
        <line num="140" type="stmt" count="9"/>
        <line num="141" type="stmt" count="2"/>
        <line num="143" type="stmt" count="2"/>
        <line num="146" type="stmt" count="9"/>
        <line num="149" type="stmt" count="7"/>
        <line num="161" type="method" name="getGridManagerResponse" visibility="public" complexity="8" crap="8" count="7"/>
        <line num="163" type="stmt" count="7"/>
        <line num="165" type="stmt" count="7"/>
        <line num="166" type="stmt" count="1"/>
        <line num="169" type="stmt" count="6"/>
        <line num="170" type="stmt" count="1"/>
        <line num="173" type="stmt" count="5"/>
        <line num="174" type="stmt" count="1"/>
        <line num="176" type="stmt" count="4"/>
        <line num="177" type="stmt" count="2"/>
        <line num="178" type="stmt" count="2"/>
        <line num="180" type="stmt" count="2"/>
        <line num="181" type="stmt" count="2"/>
        <line num="184" type="stmt" count="4"/>
        <line num="185" type="stmt" count="4"/>
        <line num="186" type="stmt" count="4"/>
        <line num="187" type="stmt" count="4"/>
        <line num="188" type="stmt" count="4"/>
        <line num="189" type="stmt" count="4"/>
        <line num="192" type="stmt" count="4"/>
        <line num="193" type="stmt" count="2"/>
        <line num="196" type="stmt" count="2"/>
        <line num="200" type="method" name="getRouteUrl" visibility="public" complexity="1" crap="1" count="2"/>
        <line num="202" type="stmt" count="2"/>
        <line num="205" type="method" name="setRouteUrl" visibility="public" complexity="1" crap="1" count="4"/>
        <line num="207" type="stmt" count="4"/>
        <line num="208" type="stmt" count="4"/>
        <metrics loc="209" ncloc="184" classes="1" methods="10" coveredmethods="10" conditionals="0" coveredconditionals="0" statements="73" coveredstatements="73" elements="83" coveredelements="83"/>
      </file>
      <file name="/Users/samuele/Desktop/APYDataGridBundle/Grid/GridRegistry.php">
        <class name="GridRegistry" namespace="APY\DataGridBundle\Grid">
          <metrics complexity="12" methods="6" coveredmethods="6" conditionals="0" coveredconditionals="0" statements="24" coveredstatements="24" elements="30" coveredelements="30"/>
        </class>
        <line num="39" type="method" name="addType" visibility="public" complexity="2" crap="2" count="4"/>
        <line num="41" type="stmt" count="4"/>
        <line num="43" type="stmt" count="4"/>
        <line num="44" type="stmt" count="1"/>
        <line num="47" type="stmt" count="4"/>
        <line num="49" type="stmt" count="4"/>
        <line num="55" type="method" name="getType" visibility="public" complexity="2" crap="2" count="2"/>
        <line num="57" type="stmt" count="2"/>
        <line num="58" type="stmt" count="1"/>
        <line num="61" type="stmt" count="1"/>
        <line num="63" type="stmt" count="1"/>
        <line num="69" type="method" name="hasType" visibility="public" complexity="2" crap="2" count="5"/>
        <line num="71" type="stmt" count="5"/>
        <line num="72" type="stmt" count="3"/>
        <line num="75" type="stmt" count="5"/>
        <line num="85" type="method" name="addColumn" visibility="public" complexity="2" crap="2" count="4"/>
        <line num="87" type="stmt" count="4"/>
        <line num="89" type="stmt" count="4"/>
        <line num="90" type="stmt" count="1"/>
        <line num="93" type="stmt" count="4"/>
        <line num="95" type="stmt" count="4"/>
        <line num="101" type="method" name="getColumn" visibility="public" complexity="2" crap="2" count="2"/>
        <line num="103" type="stmt" count="2"/>
        <line num="104" type="stmt" count="1"/>
        <line num="107" type="stmt" count="1"/>
        <line num="109" type="stmt" count="1"/>
        <line num="115" type="method" name="hasColumn" visibility="public" complexity="2" crap="2" count="5"/>
        <line num="117" type="stmt" count="5"/>
        <line num="118" type="stmt" count="3"/>
        <line num="121" type="stmt" count="5"/>
        <metrics loc="123" ncloc="82" classes="1" methods="6" coveredmethods="6" conditionals="0" coveredconditionals="0" statements="24" coveredstatements="24" elements="30" coveredelements="30"/>
      </file>
      <file name="/Users/samuele/Desktop/APYDataGridBundle/Grid/Row.php">
        <class name="Row" namespace="APY\DataGridBundle\Grid">
          <metrics complexity="20" methods="15" coveredmethods="15" conditionals="0" coveredconditionals="0" statements="33" coveredstatements="33" elements="48" coveredelements="48"/>
        </class>
        <line num="40" type="method" name="__construct" visibility="public" complexity="1" crap="1" count="68"/>
        <line num="42" type="stmt" count="68"/>
        <line num="43" type="stmt" count="68"/>
        <line num="44" type="stmt" count="68"/>
        <line num="49" type="method" name="setRepository" visibility="public" complexity="1" crap="1" count="2"/>
        <line num="51" type="stmt" count="2"/>
        <line num="52" type="stmt" count="2"/>
        <line num="57" type="method" name="getEntity" visibility="public" complexity="1" crap="1" count="1"/>
        <line num="59" type="stmt" count="1"/>
        <line num="61" type="stmt" count="1"/>
        <line num="67" type="method" name="getPrimaryKeyValue" visibility="public" complexity="2" crap="2" count="3"/>
        <line num="69" type="stmt" count="3"/>
        <line num="71" type="stmt" count="3"/>
        <line num="72" type="stmt" count="1"/>
        <line num="76" type="stmt" count="2"/>
        <line num="84" type="method" name="getPrimaryFieldValue" visibility="public" complexity="4" crap="4" count="7"/>
        <line num="86" type="stmt" count="7"/>
        <line num="87" type="stmt" count="1"/>
        <line num="90" type="stmt" count="6"/>
        <line num="91" type="stmt" count="2"/>
        <line num="94" type="stmt" count="4"/>
        <line num="95" type="stmt" count="1"/>
        <line num="98" type="stmt" count="3"/>
        <line num="106" type="method" name="setPrimaryField" visibility="public" complexity="1" crap="1" count="8"/>
        <line num="108" type="stmt" count="8"/>
        <line num="110" type="stmt" count="8"/>
        <line num="116" type="method" name="getPrimaryField" visibility="public" complexity="1" crap="1" count="1"/>
        <line num="118" type="stmt" count="1"/>
        <line num="127" type="method" name="setField" visibility="public" complexity="1" crap="1" count="56"/>
        <line num="129" type="stmt" count="56"/>
        <line num="131" type="stmt" count="56"/>
        <line num="139" type="method" name="getField" visibility="public" complexity="2" crap="2" count="1"/>
        <line num="141" type="stmt" count="1"/>
        <line num="149" type="method" name="setClass" visibility="public" complexity="1" crap="1" count="2"/>
        <line num="151" type="stmt" count="2"/>
        <line num="153" type="stmt" count="2"/>
        <line num="159" type="method" name="getClass" visibility="public" complexity="1" crap="1" count="1"/>
        <line num="161" type="stmt" count="1"/>
        <line num="169" type="method" name="setColor" visibility="public" complexity="1" crap="1" count="2"/>
        <line num="171" type="stmt" count="2"/>
        <line num="173" type="stmt" count="2"/>
        <line num="179" type="method" name="getColor" visibility="public" complexity="1" crap="1" count="1"/>
        <line num="181" type="stmt" count="1"/>
        <line num="189" type="method" name="setLegend" visibility="public" complexity="1" crap="1" count="2"/>
        <line num="191" type="stmt" count="2"/>
        <line num="193" type="stmt" count="2"/>
        <line num="199" type="method" name="getLegend" visibility="public" complexity="1" crap="1" count="1"/>
        <line num="201" type="stmt" count="1"/>
[...]
        <line num="114" type="stmt" count="19"/>
        <line num="115" type="stmt" count="18"/>
        <line num="116" type="stmt" count="1"/>
        <line num="117" type="stmt" count="17"/>
        <line num="118" type="stmt" count="2"/>
        <line num="119" type="stmt" count="1"/>
        <line num="121" type="stmt" count="2"/>
        <line num="123" type="stmt" count="15"/>
        <line num="124" type="stmt" count="5"/>
        <line num="125" type="stmt" count="5"/>
        <line num="126" type="stmt" count="4"/>
        <line num="128" type="stmt" count="5"/>
        <line num="130" type="stmt" count="12"/>
        <line num="131" type="stmt" count="8"/>
        <line num="132" type="stmt" count="5"/>
        <line num="133" type="stmt" count="3"/>
        <line num="135" type="stmt" count="2"/>
        <line num="139" type="stmt" count="19"/>
        <line num="140" type="stmt" count="19"/>
        <line num="144" type="stmt" count="20"/>
        <line num="145" type="stmt" count="14"/>
        <line num="146" type="stmt" count="6"/>
        <line num="147" type="stmt" count="1"/>
        <line num="148" type="stmt" count="5"/>
        <line num="149" type="stmt" count="1"/>
        <line num="151" type="stmt" count="20"/>
        <line num="154" type="stmt" count="21"/>
        <line num="159" type="method" name="getColumns" visibility="public" complexity="13" crap="182" count="0"/>
        <line num="161" type="stmt" count="0"/>
        <line num="163" type="stmt" count="0"/>
        <line num="164" type="stmt" count="0"/>
        <line num="165" type="stmt" count="0"/>
        <line num="166" type="stmt" count="0"/>
        <line num="167" type="stmt" count="0"/>
        <line num="168" type="stmt" count="0"/>
        <line num="169" type="stmt" count="0"/>
        <line num="170" type="stmt" count="0"/>
        <line num="171" type="stmt" count="0"/>
        <line num="172" type="stmt" count="0"/>
        <line num="173" type="stmt" count="0"/>
        <line num="174" type="stmt" count="0"/>
        <line num="175" type="stmt" count="0"/>
        <line num="176" type="stmt" count="0"/>
        <line num="177" type="stmt" count="0"/>
        <line num="178" type="stmt" count="0"/>
        <line num="179" type="stmt" count="0"/>
        <line num="180" type="stmt" count="0"/>
        <line num="181" type="stmt" count="0"/>
        <line num="183" type="stmt" count="0"/>
        <line num="184" type="stmt" count="0"/>
        <line num="187" type="stmt" count="0"/>
        <line num="190" type="stmt" count="0"/>
        <line num="191" type="stmt" count="0"/>
        <line num="194" type="stmt" count="0"/>
        <line num="196" type="stmt" count="0"/>
        <line num="198" type="stmt" count="0"/>
        <line num="209" type="method" name="execute" visibility="public" complexity="1" crap="1" count="1"/>
        <line num="211" type="stmt" count="1"/>
        <line num="214" type="method" name="populateSelectFilters" visibility="public" complexity="1" crap="1" count="1"/>
        <line num="216" type="stmt" count="1"/>
        <line num="217" type="stmt" count="1"/>
        <line num="219" type="method" name="getTotalCount" visibility="public" complexity="1" crap="1" count="1"/>
        <line num="221" type="stmt" count="1"/>
        <line num="234" type="method" name="setId" visibility="public" complexity="1" crap="1" count="2"/>
        <line num="236" type="stmt" count="2"/>
        <line num="237" type="stmt" count="2"/>
        <line num="242" type="method" name="getId" visibility="public" complexity="1" crap="1" count="1"/>
        <line num="244" type="stmt" count="1"/>
        <line num="254" type="method" name="setData" visibility="public" complexity="7" crap="8.32" count="23"/>
        <line num="256" type="stmt" count="23"/>
        <line num="258" type="stmt" count="23"/>
        <line num="259" type="stmt" count="0"/>
        <line num="263" type="stmt" count="23"/>
        <line num="264" type="stmt" count="0"/>
        <line num="265" type="stmt" count="0"/>
        <line num="270" type="stmt" count="23"/>
        <line num="271" type="stmt" count="23"/>
        <line num="272" type="stmt" count="2"/>
        <line num="274" type="stmt" count="21"/>
        <line num="276" type="method" name="delete" visibility="public" complexity="1" crap="2" count="0"/>
        <line num="278" type="stmt" count="0"/>
        <line num="280" type="method" name="setColumns" visibility="protected" complexity="1" crap="1" count="32"/>
        <line num="282" type="stmt" count="32"/>
        <line num="283" type="stmt" count="32"/>
        <line num="285" type="method" name="hasColumn" visibility="protected" complexity="3" crap="3" count="21"/>
        <line num="287" type="stmt" count="21"/>
        <line num="288" type="stmt" count="2"/>
        <line num="289" type="stmt" count="2"/>
        <line num="293" type="stmt" count="20"/>
        <metrics loc="295" ncloc="226" classes="1" methods="13" coveredmethods="10" conditionals="0" coveredconditionals="0" statements="105" coveredstatements="73" elements="118" coveredelements="83"/>
      </file>
    </package>
    <package name="APY\DataGridBundle\Grid\Type">
      <file name="/Users/samuele/Desktop/APYDataGridBundle/Grid/Type/GridType.php">
        <class name="GridType" namespace="APY\DataGridBundle\Grid\Type">
          <metrics complexity="7" methods="3" coveredmethods="1" conditionals="0" coveredconditionals="0" statements="27" coveredstatements="24" elements="30" coveredelements="25"/>
        </class>
        <line num="19" type="method" name="buildGrid" visibility="public" complexity="2" crap="2.00" count="2"/>
        <line num="22" type="stmt" count="2"/>
        <line num="23" type="stmt" count="2"/>
        <line num="24" type="stmt" count="2"/>
        <line num="25" type="stmt" count="2"/>
        <line num="26" type="stmt" count="2"/>
        <line num="27" type="stmt" count="2"/>
        <line num="28" type="stmt" count="2"/>
        <line num="29" type="stmt" count="2"/>
        <line num="30" type="stmt" count="2"/>
        <line num="31" type="stmt" count="2"/>
        <line num="32" type="stmt" count="2"/>
        <line num="34" type="stmt" count="2"/>
        <line num="35" type="stmt" count="0"/>
        <line num="37" type="stmt" count="2"/>
        <line num="42" type="method" name="configureOptions" visibility="public" complexity="4" crap="4.07" count="2"/>
        <line num="44" type="stmt" count="2"/>
        <line num="45" type="stmt" count="2"/>
        <line num="60" type="stmt" count="2"/>
        <line num="68" type="stmt" count="2"/>
        <line num="70" type="stmt" count="2"/>
        <line num="72" type="stmt" count="2"/>
        <line num="73" type="stmt" count="2"/>
        <line num="76" type="stmt" count="2"/>
        <line num="77" type="stmt" count="2"/>
        <line num="80" type="stmt" count="0"/>
        <line num="81" type="stmt" count="0"/>
        <line num="83" type="stmt" count="2"/>
        <line num="88" type="method" name="getName" visibility="public" complexity="1" crap="1" count="2"/>
        <line num="90" type="stmt" count="2"/>
        <metrics loc="92" ncloc="76" classes="1" methods="3" coveredmethods="1" conditionals="0" coveredconditionals="0" statements="27" coveredstatements="24" elements="30" coveredelements="25"/>
      </file>
    </package>
    <package name="APY\DataGridBundle\Translation">
      <file name="/Users/samuele/Desktop/APYDataGridBundle/Translation/ColumnTitleAnnotationTranslationExtractor.php">
        <class name="ColumnTitleAnnotationTranslationExtractor" namespace="APY\DataGridBundle\Translation">
          <metrics complexity="17" methods="8" coveredmethods="0" conditionals="0" coveredconditionals="0" statements="46" coveredstatements="0" elements="54" coveredelements="0"/>
        </class>
        <line num="26" type="method" name="beforeTraverse" visibility="public" complexity="1" crap="2" count="0"/>
        <line num="27" type="stmt" count="0"/>
        <line num="28" type="stmt" count="0"/>
        <line num="29" type="stmt" count="0"/>
        <line num="30" type="stmt" count="0"/>
        <line num="32" type="method" name="enterNode" visibility="public" complexity="5" crap="30" count="0"/>
        <line num="33" type="stmt" count="0"/>
        <line num="34" type="stmt" count="0"/>
        <line num="36" type="stmt" count="0"/>
        <line num="37" type="stmt" count="0"/>
        <line num="39" type="stmt" count="0"/>
        <line num="40" type="stmt" count="0"/>
        <line num="41" type="stmt" count="0"/>
        <line num="42" type="stmt" count="0"/>
        <line num="44" type="stmt" count="0"/>
        <line num="45" type="stmt" count="0"/>
        <line num="46" type="stmt" count="0"/>
        <line num="48" type="method" name="leaveNode" visibility="public" complexity="1" crap="2" count="0"/>
        <line num="49" type="stmt" count="0"/>
        <line num="50" type="stmt" count="0"/>
        <line num="51" type="method" name="afterTraverse" visibility="public" complexity="1" crap="2" count="0"/>
        <line num="52" type="stmt" count="0"/>
        <line num="53" type="stmt" count="0"/>
        <line num="55" type="method" name="visitFile" visibility="public" complexity="1" crap="2" count="0"/>
        <line num="56" type="stmt" count="0"/>
        <line num="57" type="stmt" count="0"/>
        <line num="59" type="method" name="visitPhpFile" visibility="public" complexity="6" crap="42" count="0"/>
        <line num="60" type="stmt" count="0"/>
        <line num="61" type="stmt" count="0"/>
        <line num="64" type="stmt" count="0"/>
        <line num="65" type="stmt" count="0"/>
        <line num="66" type="stmt" count="0"/>
        <line num="68" type="stmt" count="0"/>
        <line num="70" type="stmt" count="0"/>
        <line num="71" type="stmt" count="0"/>
        <line num="72" type="stmt" count="0"/>
        <line num="73" type="stmt" count="0"/>
        <line num="76" type="stmt" count="0"/>
        <line num="77" type="stmt" count="0"/>
        <line num="78" type="stmt" count="0"/>
        <line num="79" type="stmt" count="0"/>
        <line num="80" type="stmt" count="0"/>
        <line num="81" type="stmt" count="0"/>
        <line num="82" type="stmt" count="0"/>
        <line num="83" type="stmt" count="0"/>
        <line num="84" type="stmt" count="0"/>
        <line num="85" type="stmt" count="0"/>
        <line num="87" type="method" name="visitTwigFile" visibility="public" complexity="1" crap="2" count="0"/>
        <line num="88" type="stmt" count="0"/>
        <line num="89" type="stmt" count="0"/>
        <line num="94" type="method" name="setContainer" visibility="public" complexity="1" crap="2" count="0"/>
        <line num="95" type="stmt" count="0"/>
        <line num="96" type="stmt" count="0"/>
        <line num="97" type="stmt" count="0"/>
        <metrics loc="98" ncloc="80" classes="1" methods="8" coveredmethods="0" conditionals="0" coveredconditionals="0" statements="46" coveredstatements="0" elements="54" coveredelements="0"/>
      </file>
    </package>
    <package name="APY\DataGridBundle\Twig">
      <file name="/Users/samuele/Desktop/APYDataGridBundle/Twig/DataGridExtension.php">
        <class name="DataGridExtension" namespace="APY\DataGridBundle\Twig">
          <metrics complexity="63" methods="20" coveredmethods="2" conditionals="0" coveredconditionals="0" statements="114" coveredstatements="17" elements="134" coveredelements="19"/>
        </class>
        <line num="76" type="method" name="__construct" visibility="public" complexity="1" crap="1" count="1"/>
        <line num="78" type="stmt" count="1"/>
        <line num="79" type="stmt" count="1"/>
        <line num="80" type="stmt" count="1"/>
        <line num="85" type="method" name="setPagerFanta" visibility="public" complexity="1" crap="2" count="0"/>
        <line num="87" type="stmt" count="0"/>
        <line num="88" type="stmt" count="0"/>
        <line num="93" type="method" name="getGlobals" visibility="public" complexity="1" crap="2" count="0"/>
        <line num="96" type="stmt" count="0"/>
        <line num="112" type="method" name="getFunctions" visibility="public" complexity="1" crap="2" count="0"/>
        <line num="115" type="stmt" count="0"/>
        <line num="116" type="stmt" count="0"/>
        <line num="119" type="stmt" count="0"/>
        <line num="120" type="stmt" count="0"/>
        <line num="123" type="stmt" count="0"/>
        <line num="124" type="stmt" count="0"/>
        <line num="126" type="stmt" count="0"/>
        <line num="127" type="stmt" count="0"/>
        <line num="130" type="stmt" count="0"/>
        <line num="131" type="stmt" count="0"/>
        <line num="134" type="stmt" count="0"/>
        <line num="135" type="stmt" count="0"/>
        <line num="138" type="stmt" count="0"/>
        <line num="139" type="stmt" count="0"/>
        <line num="142" type="stmt" count="0"/>
        <line num="143" type="stmt" count="0"/>
        <line num="146" type="stmt" count="0"/>
        <line num="147" type="stmt" count="0"/>
        <line num="149" type="stmt" count="0"/>
        <line num="150" type="stmt" count="0"/>
        <line num="162" type="method" name="initGrid" visibility="public" complexity="2" crap="6" count="0"/>
        <line num="164" type="stmt" count="0"/>
        <line num="165" type="stmt" count="0"/>
        <line num="167" type="stmt" count="0"/>
        <line num="168" type="stmt" count="0"/>
        <line num="169" type="stmt" count="0"/>
        <line num="181" type="method" name="getGrid" visibility="public" complexity="1" crap="2" count="0"/>
        <line num="183" type="stmt" count="0"/>
        <line num="186" type="stmt" count="0"/>
        <line num="188" type="stmt" count="0"/>
        <line num="201" type="method" name="getGridHtml" visibility="public" complexity="1" crap="2" count="0"/>
        <line num="203" type="stmt" count="0"/>
        <line num="213" type="method" name="getGrid_" visibility="public" complexity="1" crap="2" count="0"/>
        <line num="215" type="stmt" count="0"/>
        <line num="224" type="method" name="getGridPager" visibility="public" complexity="1" crap="2" count="0"/>
        <line num="226" type="stmt" count="0"/>
        <line num="239" type="method" name="getGridCell" visibility="public" complexity="14" crap="210" count="0"/>
        <line num="241" type="stmt" count="0"/>
        <line num="243" type="stmt" count="0"/>
        <line num="245" type="stmt" count="0"/>
        <line num="246" type="stmt" count="0"/>
        <line num="247" type="stmt" count="0"/>
        <line num="248" type="stmt" count="0"/>
        <line num="249" type="stmt" count="0"/>
        <line num="250" type="stmt" count="0"/>
        <line num="251" type="stmt" count="0"/>
        <line num="252" type="stmt" count="0"/>
        <line num="253" type="stmt" count="0"/>
        <line num="254" type="stmt" count="0"/>
        <line num="255" type="stmt" count="0"/>
        <line num="256" type="stmt" count="0"/>
        <line num="258" type="stmt" count="0"/>
        <line num="261" type="stmt" count="0"/>
        <line num="273" type="method" name="getGridFilter" visibility="public" complexity="13" crap="182" count="0"/>
        <line num="275" type="stmt" count="0"/>
        <line num="277" type="stmt" count="0"/>
        <line num="278" type="stmt" count="0"/>
        <line num="279" type="stmt" count="0"/>
        <line num="280" type="stmt" count="0"/>
        <line num="281" type="stmt" count="0"/>
        <line num="282" type="stmt" count="0"/>
        <line num="283" type="stmt" count="0"/>
        <line num="284" type="stmt" count="0"/>
        <line num="285" type="stmt" count="0"/>
        <line num="286" type="stmt" count="0"/>
        <line num="288" type="stmt" count="0"/>
        <line num="291" type="stmt" count="0"/>
        <line num="303" type="method" name="getGridColumnOperator" visibility="public" complexity="1" crap="2" count="0"/>
        <line num="305" type="stmt" count="0"/>
        <line num="315" type="method" name="getGridUrl" visibility="public" complexity="9" crap="9" count="1"/>
        <line num="317" type="stmt" count="1"/>
        <line num="320" type="stmt" count="1"/>
        <line num="321" type="stmt" count="1"/>
        <line num="322" type="stmt" count="1"/>
        <line num="324" type="stmt" count="1"/>
        <line num="326" type="stmt" count="1"/>
        <line num="327" type="stmt" count="1"/>
        <line num="328" type="stmt" count="1"/>
        <line num="329" type="stmt" count="1"/>
        <line num="330" type="stmt" count="1"/>
        <line num="331" type="stmt" count="1"/>
        <line num="332" type="stmt" count="1"/>
        <line num="333" type="stmt" count="1"/>
        <line num="335" type="stmt" count="1"/>
        <line num="346" type="method" name="getGridSearch" visibility="public" complexity="1" crap="2" count="0"/>
        <line num="348" type="stmt" count="0"/>
        <line num="350" type="stmt" count="0"/>
        <line num="356" type="method" name="getPagerfanta" visibility="public" complexity="1" crap="2" count="0"/>
        <line num="358" type="stmt" count="0"/>
        <line num="360" type="stmt" count="0"/>
        <line num="361" type="stmt" count="0"/>
        <line num="362" type="stmt" count="0"/>
        <line num="364" type="stmt" count="0"/>
        <line num="365" type="method" name="anonymousFunction:365#2564" complexity="1" crap="2" count="0"/>
        <line num="366" type="stmt" count="0"/>
        <line num="367" type="stmt" count="0"/>
        <line num="369" type="stmt" count="0"/>
        <line num="370" type="stmt" count="0"/>
        <line num="372" type="stmt" count="0"/>
        <line num="386" type="method" name="renderBlock" visibility="protected" complexity="3" crap="12" count="0"/>
        <line num="388" type="stmt" count="0"/>
        <line num="389" type="stmt" count="0"/>
        <line num="390" type="stmt" count="0"/>
        <line num="394" type="stmt" count="0"/>
        <line num="405" type="method" name="hasBlock" visibility="protected" complexity="3" crap="12" count="0"/>
        <line num="407" type="stmt" count="0"/>
        <line num="409" type="stmt" count="0"/>
        <line num="410" type="stmt" count="0"/>
        <line num="414" type="stmt" count="0"/>
        <line num="426" type="method" name="getTemplates" visibility="protected" complexity="5" crap="30" count="0"/>
        <line num="428" type="stmt" count="0"/>
        <line num="429" type="stmt" count="0"/>
        <line num="430" type="stmt" count="0"/>
        <line num="431" type="stmt" count="0"/>
        <line num="432" type="stmt" count="0"/>
        <line num="433" type="stmt" count="0"/>
        <line num="434" type="stmt" count="0"/>
        <line num="435" type="stmt" count="0"/>
        <line num="437" type="stmt" count="0"/>
        <line num="441" type="stmt" count="0"/>
        <line num="450" type="method" name="getTemplatesFromString" visibility="protected" complexity="2" crap="6" count="0"/>
        <line num="452" type="stmt" count="0"/>
        <line num="454" type="stmt" count="0"/>
        <line num="455" type="stmt" count="0"/>
        <line num="456" type="stmt" count="0"/>
        <line num="457" type="stmt" count="0"/>
        <line num="460" type="stmt" count="0"/>
        <metrics loc="462" ncloc="286" classes="1" methods="20" coveredmethods="2" conditionals="0" coveredconditionals="0" statements="117" coveredstatements="17" elements="137" coveredelements="19"/>
      </file>
    </package>
    <metrics files="81" loc="12586" ncloc="8601" classes="65" methods="625" coveredmethods="448" conditionals="0" coveredconditionals="0" statements="3380" coveredstatements="2002" elements="4005" coveredelements="2450"/>
  </project>
</coverage>
