<?xml version="1.0" encoding="UTF-8"?>
<coverage generated="1521565564">
  <project timestamp="1521565564">
    <package name="APY\DataGridBundle">
      <file name="/Users/samuele/Desktop/MadisoftAPYDataGridBundle/APYDataGridBundle.php">
        <class name="APYDataGridBundle" namespace="APY\DataGridBundle">
          <metrics complexity="1" methods="1" coveredmethods="0" conditionals="0" coveredconditionals="0" statements="5" coveredstatements="0" elements="6" coveredelements="0"/>
        </class>
        <line num="22" type="method" name="build" visibility="public" complexity="1" crap="2" count="0"/>
        <line num="23" type="stmt" count="0"/>
        <line num="24" type="stmt" count="0"/>
        <line num="26" type="stmt" count="0"/>
        <line num="27" type="stmt" count="0"/>
        <line num="28" type="stmt" count="0"/>
        <metrics loc="29" ncloc="20" classes="1" methods="1" coveredmethods="0" conditionals="0" coveredconditionals="0" statements="5" coveredstatements="0" elements="6" coveredelements="0"/>
      </file>
    </package>
    <package name="APY\DataGridBundle\DependencyInjection">
      <file name="/Users/samuele/Desktop/MadisoftAPYDataGridBundle/DependencyInjection/APYDataGridExtension.php">
        <class name="APYDataGridExtension" namespace="APY\DataGridBundle\DependencyInjection">
          <metrics complexity="1" methods="1" coveredmethods="0" conditionals="0" coveredconditionals="0" statements="17" coveredstatements="0" elements="18" coveredelements="0"/>
        </class>
        <line num="23" type="method" name="load" visibility="public" complexity="1" crap="2" count="0"/>
        <line num="24" type="stmt" count="0"/>
        <line num="25" type="stmt" count="0"/>
        <line num="26" type="stmt" count="0"/>
        <line num="28" type="stmt" count="0"/>
        <line num="29" type="stmt" count="0"/>
        <line num="30" type="stmt" count="0"/>
        <line num="32" type="stmt" count="0"/>
        <line num="33" type="stmt" count="0"/>
        <line num="35" type="stmt" count="0"/>
        <line num="36" type="stmt" count="0"/>
        <line num="37" type="stmt" count="0"/>
        <line num="38" type="stmt" count="0"/>
        <line num="39" type="stmt" count="0"/>
        <line num="40" type="stmt" count="0"/>
        <line num="41" type="stmt" count="0"/>
        <line num="42" type="stmt" count="0"/>
        <line num="43" type="stmt" count="0"/>
        <metrics loc="44" ncloc="35" classes="1" methods="1" coveredmethods="0" conditionals="0" coveredconditionals="0" statements="17" coveredstatements="0" elements="18" coveredelements="0"/>
      </file>
      <file name="/Users/samuele/Desktop/MadisoftAPYDataGridBundle/DependencyInjection/Configuration.php">
        <class name="Configuration" namespace="APY\DataGridBundle\DependencyInjection">
          <metrics complexity="3" methods="1" coveredmethods="0" conditionals="0" coveredconditionals="0" statements="8" coveredstatements="0" elements="9" coveredelements="0"/>
        </class>
        <line num="18" type="method" name="getConfigTreeBuilder" visibility="public" complexity="1" crap="2" count="0"/>
        <line num="19" type="stmt" count="0"/>
        <line num="20" type="stmt" count="0"/>
        <line num="21" type="stmt" count="0"/>
        <line num="23" type="stmt" count="0"/>
        <line num="24" type="stmt" count="0"/>
        <line num="25" type="stmt" count="0"/>
        <line num="26" type="stmt" count="0"/>
        <line num="27" type="stmt" count="0"/>
        <metrics loc="57" ncloc="47" classes="1" methods="1" coveredmethods="0" conditionals="0" coveredconditionals="0" statements="8" coveredstatements="0" elements="9" coveredelements="0"/>
      </file>
    </package>
    <package name="APY\DataGridBundle\DependencyInjection\Compiler">
      <file name="/Users/samuele/Desktop/MadisoftAPYDataGridBundle/DependencyInjection/Compiler/GridExtensionPass.php">
        <class name="GridExtensionPass" namespace="APY\DataGridBundle\DependencyInjection\Compiler">
          <metrics complexity="3" methods="1" coveredmethods="0" conditionals="0" coveredconditionals="0" statements="12" coveredstatements="0" elements="13" coveredelements="0"/>
        </class>
        <line num="21" type="method" name="process" visibility="public" complexity="3" crap="12" count="0"/>
        <line num="22" type="stmt" count="0"/>
        <line num="23" type="stmt" count="0"/>
        <line num="24" type="stmt" count="0"/>
        <line num="25" type="stmt" count="0"/>
        <line num="27" type="stmt" count="0"/>
        <line num="33" type="stmt" count="0"/>
        <line num="34" type="stmt" count="0"/>
        <line num="36" type="stmt" count="0"/>
        <line num="37" type="stmt" count="0"/>
        <line num="38" type="stmt" count="0"/>
        <line num="40" type="stmt" count="0"/>
        <line num="41" type="stmt" count="0"/>
        <metrics loc="42" ncloc="25" classes="1" methods="1" coveredmethods="0" conditionals="0" coveredconditionals="0" statements="12" coveredstatements="0" elements="13" coveredelements="0"/>
      </file>
      <file name="/Users/samuele/Desktop/MadisoftAPYDataGridBundle/DependencyInjection/Compiler/GridPass.php">
        <class name="GridPass" namespace="APY\DataGridBundle\DependencyInjection\Compiler">
          <metrics complexity="4" methods="1" coveredmethods="0" conditionals="0" coveredconditionals="0" statements="14" coveredstatements="0" elements="15" coveredelements="0"/>
        </class>
        <line num="23" type="method" name="process" visibility="public" complexity="4" crap="20" count="0"/>
        <line num="24" type="stmt" count="0"/>
        <line num="25" type="stmt" count="0"/>
        <line num="26" type="stmt" count="0"/>
        <line num="27" type="stmt" count="0"/>
        <line num="29" type="stmt" count="0"/>
        <line num="31" type="stmt" count="0"/>
        <line num="32" type="stmt" count="0"/>
        <line num="33" type="stmt" count="0"/>
        <line num="34" type="stmt" count="0"/>
        <line num="36" type="stmt" count="0"/>
        <line num="37" type="stmt" count="0"/>
        <line num="38" type="stmt" count="0"/>
        <line num="39" type="stmt" count="0"/>
        <line num="40" type="stmt" count="0"/>
        <metrics loc="41" ncloc="29" classes="1" methods="1" coveredmethods="0" conditionals="0" coveredconditionals="0" statements="14" coveredstatements="0" elements="15" coveredelements="0"/>
      </file>
      <file name="/Users/samuele/Desktop/MadisoftAPYDataGridBundle/DependencyInjection/Compiler/TranslationPass.php">
        <class name="TranslationPass" namespace="APY\DataGridBundle\DependencyInjection\Compiler">
          <metrics complexity="2" methods="1" coveredmethods="0" conditionals="0" coveredconditionals="0" statements="10" coveredstatements="0" elements="11" coveredelements="0"/>
        </class>
        <line num="19" type="method" name="process" visibility="public" complexity="2" crap="6" count="0"/>
        <line num="20" type="stmt" count="0"/>
        <line num="21" type="stmt" count="0"/>
        <line num="22" type="stmt" count="0"/>
        <line num="23" type="stmt" count="0"/>
        <line num="25" type="stmt" count="0"/>
        <line num="26" type="stmt" count="0"/>
        <line num="27" type="stmt" count="0"/>
        <line num="28" type="stmt" count="0"/>
        <line num="30" type="stmt" count="0"/>
        <line num="31" type="stmt" count="0"/>
        <metrics loc="32" ncloc="24" classes="1" methods="1" coveredmethods="0" conditionals="0" coveredconditionals="0" statements="10" coveredstatements="0" elements="11" coveredelements="0"/>
      </file>
    </package>
    <package name="APY\DataGridBundle\DoctrineExtension">
      <file name="/Users/samuele/Desktop/MadisoftAPYDataGridBundle/DoctrineExtension/GroupConcatGrid.php">
        <class name="GroupConcatGrid" namespace="APY\DataGridBundle\DoctrineExtension">
          <metrics complexity="1" methods="1" coveredmethods="0" conditionals="0" coveredconditionals="0" statements="4" coveredstatements="0" elements="5" coveredelements="0"/>
        </class>
        <line num="9" type="method" name="parse" visibility="public" complexity="1" crap="2" count="0"/>
        <line num="10" type="stmt" count="0"/>
        <line num="11" type="stmt" count="0"/>
        <line num="12" type="stmt" count="0"/>
        <line num="13" type="stmt" count="0"/>
        <metrics loc="14" ncloc="14" classes="1" methods="1" coveredmethods="0" conditionals="0" coveredconditionals="0" statements="4" coveredstatements="0" elements="5" coveredelements="0"/>
      </file>
      <file name="/Users/samuele/Desktop/MadisoftAPYDataGridBundle/DoctrineExtension/Instr.php">
        <class name="Instr" namespace="APY\DataGridBundle\DoctrineExtension">
          <metrics complexity="2" methods="2" coveredmethods="0" conditionals="0" coveredconditionals="0" statements="14" coveredstatements="0" elements="16" coveredelements="0"/>
        </class>
        <line num="20" type="method" name="parse" visibility="public" complexity="1" crap="2" count="0"/>
        <line num="21" type="stmt" count="0"/>
        <line num="22" type="stmt" count="0"/>
        <line num="23" type="stmt" count="0"/>
        <line num="24" type="stmt" count="0"/>
        <line num="25" type="stmt" count="0"/>
        <line num="26" type="stmt" count="0"/>
        <line num="27" type="stmt" count="0"/>
        <line num="28" type="stmt" count="0"/>
        <line num="30" type="method" name="getSql" visibility="public" complexity="1" crap="2" count="0"/>
        <line num="31" type="stmt" count="0"/>
        <line num="32" type="stmt" count="0"/>
        <line num="33" type="stmt" count="0"/>
        <line num="34" type="stmt" count="0"/>
        <line num="35" type="stmt" count="0"/>
        <line num="36" type="stmt" count="0"/>
        <metrics loc="37" ncloc="32" classes="1" methods="2" coveredmethods="0" conditionals="0" coveredconditionals="0" statements="14" coveredstatements="0" elements="16" coveredelements="0"/>
      </file>
    </package>
    <package name="APY\DataGridBundle\Grid">
      <file name="/Users/samuele/Desktop/MadisoftAPYDataGridBundle/Grid/AbstractType.php">
        <class name="AbstractType" namespace="APY\DataGridBundle\Grid">
          <metrics complexity="3" methods="2" coveredmethods="0" conditionals="0" coveredconditionals="0" statements="2" coveredstatements="0" elements="4" coveredelements="0"/>
        </class>
        <line num="17" type="method" name="buildGrid" visibility="public" complexity="1" crap="2" count="0"/>
        <line num="19" type="stmt" count="0"/>
        <line num="24" type="method" name="configureOptions" visibility="public" complexity="1" crap="2" count="0"/>
        <line num="26" type="stmt" count="0"/>
        <metrics loc="32" ncloc="18" classes="1" methods="2" coveredmethods="0" conditionals="0" coveredconditionals="0" statements="2" coveredstatements="0" elements="4" coveredelements="0"/>
      </file>
      <file name="/Users/samuele/Desktop/MadisoftAPYDataGridBundle/Grid/Columns.php">
        <class name="Columns" namespace="APY\DataGridBundle\Grid">
          <metrics complexity="25" methods="12" coveredmethods="12" conditionals="0" coveredconditionals="0" statements="45" coveredstatements="45" elements="57" coveredelements="57"/>
        </class>
        <line num="35" type="method" name="__construct" visibility="public" complexity="1" crap="1" count="313"/>
        <line num="37" type="stmt" count="313"/>
        <line num="38" type="stmt" count="313"/>
        <line num="45" type="method" name="getIterator" visibility="public" complexity="1" crap="1" count="75"/>
        <line num="47" type="stmt" count="75"/>
        <line num="58" type="method" name="addColumn" visibility="public" complexity="3" crap="3" count="159"/>
        <line num="60" type="stmt" count="159"/>
        <line num="62" type="stmt" count="159"/>
        <line num="63" type="stmt" count="159"/>
        <line num="65" type="stmt" count="1"/>
        <line num="66" type="stmt" count="1"/>
        <line num="68" type="stmt" count="1"/>
        <line num="71" type="stmt" count="1"/>
        <line num="72" type="stmt" count="1"/>
        <line num="73" type="stmt" count="1"/>
        <line num="76" type="stmt" count="159"/>
        <line num="86" type="method" name="getColumnById" visibility="public" complexity="2" crap="2" count="24"/>
        <line num="88" type="stmt" count="24"/>
        <line num="89" type="stmt" count="4"/>
        <line num="92" type="stmt" count="20"/>
        <line num="101" type="method" name="hasColumnById" visibility="public" complexity="4" crap="4" count="25"/>
        <line num="103" type="stmt" count="25"/>
        <line num="104" type="stmt" count="24"/>
        <line num="105" type="stmt" count="24"/>
        <line num="109" type="stmt" count="4"/>
        <line num="117" type="method" name="getPrimaryColumn" visibility="public" complexity="3" crap="3" count="60"/>
        <line num="119" type="stmt" count="60"/>
        <line num="120" type="stmt" count="60"/>
        <line num="121" type="stmt" count="60"/>
        <line num="125" type="stmt" count="1"/>
        <line num="131" type="method" name="count" visibility="public" complexity="1" crap="1" count="1"/>
        <line num="133" type="stmt" count="1"/>
        <line num="141" type="method" name="addExtension" visibility="public" complexity="1" crap="1" count="3"/>
        <line num="143" type="stmt" count="3"/>
        <line num="145" type="stmt" count="3"/>
        <line num="153" type="method" name="hasExtensionForColumnType" visibility="public" complexity="1" crap="1" count="1"/>
        <line num="155" type="stmt" count="1"/>
        <line num="163" type="method" name="getExtensionForColumnType" visibility="public" complexity="1" crap="1" count="1"/>
        <line num="166" type="stmt" count="1"/>
        <line num="172" type="method" name="getHash" visibility="public" complexity="2" crap="2" count="3"/>
        <line num="174" type="stmt" count="3"/>
        <line num="175" type="stmt" count="3"/>
        <line num="176" type="stmt" count="3"/>
        <line num="179" type="stmt" count="3"/>
        <line num="192" type="method" name="setColumnsOrder" visibility="public" complexity="5" crap="5" count="3"/>
        <line num="194" type="stmt" count="3"/>
        <line num="195" type="stmt" count="3"/>
        <line num="197" type="stmt" count="3"/>
        <line num="198" type="stmt" count="3"/>
        <line num="201" type="stmt" count="3"/>
        <line num="202" type="stmt" count="3"/>
        <line num="203" type="stmt" count="3"/>
        <line num="204" type="stmt" count="3"/>
        <line num="208" type="stmt" count="3"/>
        <line num="209" type="stmt" count="2"/>
        <line num="211" type="stmt" count="1"/>
        <line num="214" type="stmt" count="3"/>
        <metrics loc="216" ncloc="137" classes="1" methods="12" coveredmethods="12" conditionals="0" coveredconditionals="0" statements="45" coveredstatements="45" elements="57" coveredelements="57"/>
      </file>
      <file name="/Users/samuele/Desktop/MadisoftAPYDataGridBundle/Grid/Filter.php">
        <class name="Filter" namespace="APY\DataGridBundle\Grid">
          <metrics complexity="8" methods="8" coveredmethods="8" conditionals="0" coveredconditionals="0" statements="14" coveredstatements="14" elements="22" coveredelements="22"/>
        </class>
        <line num="26" type="method" name="__construct" visibility="public" complexity="1" crap="1" count="47"/>
        <line num="28" type="stmt" count="47"/>
        <line num="29" type="stmt" count="47"/>
        <line num="30" type="stmt" count="47"/>
        <line num="31" type="stmt" count="47"/>
        <line num="38" type="method" name="setOperator" visibility="public" complexity="1" crap="1" count="1"/>
        <line num="40" type="stmt" count="1"/>
        <line num="42" type="stmt" count="1"/>
        <line num="48" type="method" name="getOperator" visibility="public" complexity="1" crap="1" count="22"/>
        <line num="50" type="stmt" count="22"/>
        <line num="58" type="method" name="setValue" visibility="public" complexity="1" crap="1" count="9"/>
        <line num="60" type="stmt" count="9"/>
        <line num="62" type="stmt" count="9"/>
        <line num="68" type="method" name="getValue" visibility="public" complexity="1" crap="1" count="20"/>
        <line num="70" type="stmt" count="20"/>
        <line num="76" type="method" name="hasColumnName" visibility="public" complexity="1" crap="1" count="1"/>
        <line num="78" type="stmt" count="1"/>
        <line num="86" type="method" name="setColumnName" visibility="public" complexity="1" crap="1" count="2"/>
        <line num="88" type="stmt" count="2"/>
        <line num="90" type="stmt" count="2"/>
        <line num="96" type="method" name="getColumnName" visibility="public" complexity="1" crap="1" count="1"/>
        <line num="98" type="stmt" count="1"/>
        <metrics loc="100" ncloc="59" classes="1" methods="8" coveredmethods="8" conditionals="0" coveredconditionals="0" statements="14" coveredstatements="14" elements="22" coveredelements="22"/>
      </file>
      <file name="/Users/samuele/Desktop/MadisoftAPYDataGridBundle/Grid/Grid.php">
        <class name="Grid" namespace="APY\DataGridBundle\Grid">
          <metrics complexity="402" methods="114" coveredmethods="89" conditionals="0" coveredconditionals="0" statements="716" coveredstatements="511" elements="830" coveredelements="600"/>
        </class>
        <line num="341" type="method" name="__construct" visibility="public" complexity="3" crap="3" count="298"/>
        <line num="344" type="stmt" count="298"/>
        <line num="345" type="stmt" count="298"/>
        <line num="347" type="stmt" count="298"/>
        <line num="348" type="stmt" count="298"/>
        <line num="349" type="stmt" count="298"/>
        <line num="350" type="stmt" count="298"/>
        <line num="352" type="stmt" count="298"/>
        <line num="354" type="stmt" count="298"/>
        <line num="356" type="stmt" count="298"/>
        <line num="357" type="stmt" count="298"/>
        <line num="358" type="stmt" count="3"/>
        <line num="359" type="stmt" count="3"/>
        <line num="362" type="stmt" count="298"/>
        <line num="367" type="method" name="initialize" visibility="public" complexity="15" crap="15" count="19"/>
        <line num="369" type="stmt" count="19"/>
        <line num="371" type="stmt" count="19"/>
        <line num="372" type="stmt" count="1"/>
        <line num="375" type="stmt" count="18"/>
        <line num="378" type="stmt" count="18"/>
        <line num="379" type="stmt" count="18"/>
        <line num="380" type="stmt" count="2"/>
        <line num="381" type="stmt" count="2"/>
        <line num="386" type="stmt" count="18"/>
        <line num="387" type="stmt" count="3"/>
        <line num="391" type="stmt" count="18"/>
        <line num="392" type="stmt" count="3"/>
        <line num="396" type="stmt" count="18"/>
        <line num="398" type="stmt" count="2"/>
        <line num="400" type="stmt" count="2"/>
        <line num="401" type="stmt" count="2"/>
        <line num="404" type="stmt" count="2"/>
        <line num="405" type="stmt" count="2"/>
        <line num="410" type="stmt" count="18"/>
        <line num="412" type="stmt" count="18"/>
        <line num="413" type="stmt" count="4"/>
        <line num="415" type="stmt" count="4"/>
        <line num="417" type="stmt" count="4"/>
        <line num="418" type="stmt" count="3"/>
        <line num="419" type="stmt" count="3"/>
        <line num="420" type="stmt" count="2"/>
        <line num="421" type="stmt" count="1"/>
        <line num="425" type="stmt" count="2"/>
        <line num="431" type="stmt" count="18"/>
        <line num="432" type="stmt" count="2"/>
        <line num="435" type="stmt" count="18"/>
        <line num="436" type="stmt" count="2"/>
        <line num="440" type="stmt" count="18"/>
        <line num="441" type="stmt" count="18"/>
        <line num="443" type="stmt" count="18"/>
        <line num="449" type="method" name="handleRequest" visibility="public" complexity="4" crap="4" count="91"/>
        <line num="451" type="stmt" count="91"/>
        <line num="452" type="stmt" count="2"/>
        <line num="455" type="stmt" count="89"/>
        <line num="456" type="stmt" count="89"/>
        <line num="458" type="stmt" count="89"/>
        <line num="460" type="stmt" count="89"/>
        <line num="462" type="stmt" count="89"/>
        <line num="464" type="stmt" count="89"/>
        <line num="466" type="stmt" count="89"/>
        <line num="468" type="stmt" count="89"/>
        <line num="469" type="stmt" count="44"/>
        <line num="472" type="stmt" count="45"/>
        <line num="473" type="stmt" count="44"/>
        <line num="476" type="stmt" count="40"/>
        <line num="478" type="stmt" count="40"/>
        <line num="480" type="stmt" count="40"/>
        <line num="482" type="stmt" count="36"/>
        <line num="494" type="method" name="setSource" visibility="public" complexity="2" crap="2" count="171"/>
        <line num="496" type="stmt" count="171"/>
        <line num="497" type="stmt" count="1"/>
        <line num="500" type="stmt" count="171"/>
        <line num="502" type="stmt" count="171"/>
        <line num="505" type="stmt" count="171"/>
        <line num="507" type="stmt" count="171"/>
        <line num="510" type="method" name="getSource" visibility="public" complexity="1" crap="1" count="1"/>
        <line num="512" type="stmt" count="1"/>
        <line num="518" type="method" name="isReadyForRedirect" visibility="public" complexity="9" crap="9" count="79"/>
        <line num="520" type="stmt" count="79"/>
        <line num="521" type="stmt" count="1"/>
        <line num="524" type="stmt" count="78"/>
        <line num="525" type="stmt" count="0"/>
        <line num="528" type="stmt" count="78"/>
        <line num="530" type="stmt" count="78"/>
        <line num="532" type="stmt" count="78"/>
        <line num="534" type="stmt" count="78"/>
        <line num="536" type="stmt" count="78"/>
        <line num="539" type="stmt" count="78"/>
        <line num="540" type="stmt" count="52"/>
        <line num="542" type="stmt" count="16"/>
        <line num="550" type="stmt" count="42"/>
        <line num="551" type="stmt" count="16"/>
        <line num="552" type="stmt" count="42"/>
        <line num="554" type="stmt" count="31"/>
        <line num="555" type="stmt" count="30"/>
        <line num="558" type="stmt" count="26"/>
        <line num="561" type="stmt" count="26"/>
        <line num="563" type="stmt" count="26"/>
        <line num="565" type="stmt" count="26"/>
        <line num="568" type="stmt" count="37"/>
        <line num="571" type="method" name="getCurrentUri" visibility="protected" complexity="1" crap="1" count="154"/>
        <line num="573" type="stmt" count="154"/>
        <line num="576" type="method" name="processPersistence" visibility="protected" complexity="6" crap="6" count="167"/>
        <line num="578" type="stmt" count="167"/>
        <line num="581" type="stmt" count="167"/>
        <line num="582" type="stmt" count="167"/>
        <line num="583" type="stmt" count="156"/>
        <line num="586" type="stmt" count="167"/>
        <line num="587" type="stmt" count="165"/>
        <line num="589" type="stmt" count="167"/>
        <line num="591" type="method" name="processLazyParameters" visibility="protected" complexity="7" crap="7" count="167"/>
        <line num="594" type="stmt" count="167"/>
        <line num="595" type="stmt" count="126"/>
        <line num="599" type="stmt" count="167"/>
        <line num="600" type="stmt" count="2"/>
        <line num="604" type="stmt" count="167"/>
        <line num="605" type="stmt" count="2"/>
        <line num="606" type="stmt" count="2"/>
        <line num="607" type="stmt" count="2"/>
        <line num="610" type="stmt" count="2"/>
        <line num="611" type="stmt" count="2"/>
        <line num="616" type="stmt" count="167"/>
        <line num="617" type="stmt" count="2"/>
        <line num="619" type="stmt" count="167"/>
        <line num="624" type="method" name="processRequestData" visibility="protected" complexity="3" crap="3" count="96"/>
        <line num="626" type="stmt" count="96"/>
        <line num="628" type="stmt" count="16"/>
        <line num="629" type="stmt" count="16"/>
        <line num="630" type="stmt" count="5"/>
        <line num="633" type="stmt" count="11"/>
        <line num="635" type="stmt" count="11"/>
        <line num="637" type="stmt" count="11"/>
        <line num="639" type="stmt" count="11"/>
        <line num="641" type="stmt" count="11"/>
        <line num="642" type="stmt" count="11"/>
        <line num="653" type="method" name="processMassActions" visibility="protected" complexity="12" crap="104.25" count="96"/>
        <line num="655" type="stmt" count="96"/>
        <line num="656" type="stmt" count="16"/>
        <line num="658" type="stmt" count="0"/>
        <line num="661" type="stmt" count="16"/>
        <line num="662" type="stmt" count="0"/>
        <line num="663" type="stmt" count="0"/>
        <line num="664" type="stmt" count="0"/>
        <line num="665" type="stmt" count="0"/>
        <line num="667" type="stmt" count="0"/>
        <line num="668" type="stmt" count="0"/>
        <line num="669" type="stmt" count="0"/>
        <line num="670" type="stmt" count="0"/>
        <line num="673" type="stmt" count="0"/>
        <line num="675" type="stmt" count="0"/>
        <line num="676" type="stmt" count="0"/>
        <line num="677" type="stmt" count="0"/>
        <line num="681" type="stmt" count="0"/>
        <line num="682" type="stmt" count="0"/>
        <line num="683" type="stmt" count="0"/>
        <line num="684" type="stmt" count="0"/>
        <line num="686" type="stmt" count="0"/>
        <line num="687" type="stmt" count="0"/>
        <line num="688" type="stmt" count="0"/>
        <line num="690" type="stmt" count="0"/>
        <line num="693" type="stmt" count="0"/>
        <line num="695" type="stmt" count="0"/>
        <line num="697" type="stmt" count="0"/>
        <line num="700" type="stmt" count="0"/>
        <line num="703" type="stmt" count="16"/>
        <line num="714" type="method" name="processExports" visibility="protected" complexity="5" crap="5.01" count="16"/>
        <line num="716" type="stmt" count="16"/>
        <line num="717" type="stmt" count="5"/>
        <line num="718" type="stmt" count="5"/>
        <line num="720" type="stmt" count="5"/>
        <line num="721" type="stmt" count="5"/>
        <line num="722" type="stmt" count="5"/>
        <line num="723" type="stmt" count="5"/>
        <line num="725" type="stmt" count="5"/>
        <line num="726" type="stmt" count="5"/>
        <line num="727" type="stmt" count="5"/>
        <line num="729" type="stmt" count="5"/>
        <line num="731" type="stmt" count="5"/>
        <line num="733" type="stmt" count="5"/>
        <line num="735" type="stmt" count="0"/>
        <line num="739" type="stmt" count="11"/>
        <line num="751" type="method" name="processTweaks" visibility="protected" complexity="21" crap="92.57" count="13"/>
        <line num="753" type="stmt" count="13"/>
        <line num="754" type="stmt" count="3"/>
        <line num="755" type="stmt" count="3"/>
        <line num="756" type="stmt" count="3"/>
        <line num="758" type="stmt" count="3"/>
        <line num="759" type="stmt" count="1"/>
        <line num="760" type="stmt" count="1"/>
        <line num="763" type="stmt" count="3"/>
        <line num="764" type="stmt" count="0"/>
        <line num="765" type="stmt" count="0"/>
        <line num="766" type="stmt" count="0"/>
        <line num="767" type="stmt" count="0"/>
        <line num="770" type="stmt" count="3"/>
        <line num="771" type="stmt" count="0"/>
        <line num="772" type="stmt" count="0"/>
        <line num="775" type="stmt" count="3"/>
        <line num="776" type="stmt" count="0"/>
        <line num="779" type="stmt" count="3"/>
        <line num="780" type="stmt" count="2"/>
        <line num="781" type="stmt" count="2"/>
        <line num="784" type="stmt" count="3"/>
        <line num="785" type="stmt" count="0"/>
        <line num="786" type="stmt" count="0"/>
        <line num="789" type="stmt" count="3"/>
        <line num="790" type="stmt" count="0"/>
        <line num="793" type="stmt" count="3"/>
        <line num="794" type="stmt" count="2"/>
        <line num="795" type="stmt" count="2"/>
        <line num="796" type="stmt" count="2"/>
        <line num="799" type="stmt" count="3"/>
        <line num="800" type="stmt" count="0"/>
        <line num="801" type="stmt" count="0"/>
        <line num="802" type="stmt" count="0"/>
        <line num="803" type="stmt" count="0"/>
        <line num="804" type="stmt" count="0"/>
        <line num="808" type="stmt" count="0"/>
        <line num="811" type="stmt" count="3"/>
        <line num="812" type="stmt" count="0"/>
        <line num="813" type="stmt" count="0"/>
        <line num="814" type="stmt" count="0"/>
        <line num="815" type="stmt" count="0"/>
        <line num="816" type="stmt" count="0"/>
        <line num="817" type="stmt" count="0"/>
        <line num="822" type="stmt" count="0"/>
        <line num="825" type="stmt" count="3"/>
        <line num="826" type="stmt" count="0"/>
        <line num="827" type="stmt" count="0"/>
        <line num="828" type="stmt" count="0"/>
        <line num="829" type="stmt" count="0"/>
        <line num="830" type="stmt" count="0"/>
        <line num="834" type="stmt" count="0"/>
        <line num="837" type="stmt" count="3"/>
        <line num="839" type="stmt" count="3"/>
        <line num="841" type="stmt" count="0"/>
        <line num="845" type="stmt" count="11"/>
        <line num="848" type="method" name="processRequestFilters" visibility="protected" complexity="13" crap="72.44" count="11"/>
        <line num="850" type="stmt" count="11"/>
        <line num="851" type="stmt" count="11"/>
        <line num="852" type="stmt" count="10"/>
        <line num="853" type="stmt" count="0"/>
        <line num="856" type="stmt" count="0"/>
        <line num="859" type="stmt" count="0"/>
        <line num="860" type="stmt" count="0"/>
        <line num="861" type="stmt" count="0"/>
        <line num="862" type="stmt" count="0"/>
        <line num="863" type="stmt" count="0"/>
        <line num="864" type="stmt" count="0"/>
        <line num="865" type="stmt" count="0"/>
        <line num="866" type="stmt" count="0"/>
        <line num="870" type="stmt" count="0"/>
        <line num="873" type="stmt" count="0"/>
        <line num="874" type="stmt" count="10"/>
        <line num="879" type="stmt" count="11"/>
        <line num="882" type="method" name="processPage" visibility="protected" complexity="5" crap="5.07" count="12"/>
        <line num="885" type="stmt" count="12"/>
        <line num="886" type="stmt" count="12"/>
        <line num="887" type="stmt" count="12"/>
        <line num="888" type="stmt" count="12"/>
        <line num="889" type="stmt" count="0"/>
        <line num="891" type="stmt" count="12"/>
        <line num="893" type="stmt" count="12"/>
        <line num="895" type="method" name="processOrder" visibility="protected" complexity="4" crap="8.74" count="11"/>
        <line num="897" type="stmt" count="11"/>
        <line num="898" type="stmt" count="0"/>
        <line num="900" type="stmt" count="0"/>
        <line num="901" type="stmt" count="0"/>
        <line num="902" type="stmt" count="0"/>
        <line num="905" type="stmt" count="11"/>
        <line num="907" type="method" name="processLimit" visibility="protected" complexity="2" crap="2.15" count="11"/>
        <line num="909" type="stmt" count="11"/>
        <line num="910" type="stmt" count="0"/>
        <line num="912" type="stmt" count="11"/>
        <line num="914" type="method" name="setDefaultSessionData" visibility="protected" complexity="9" crap="9" count="74"/>
        <line num="917" type="stmt" count="74"/>
        <line num="920" type="stmt" count="74"/>
        <line num="921" type="stmt" count="5"/>
        <line num="922" type="stmt" count="3"/>
        <line num="924" type="stmt" count="2"/>
        <line num="929" type="stmt" count="72"/>
        <line num="930" type="stmt" count="9"/>
        <line num="932" type="stmt" count="9"/>
        <line num="933" type="stmt" count="7"/>
        <line num="934" type="stmt" count="5"/>
        <line num="936" type="stmt" count="2"/>
        <line num="940" type="stmt" count="68"/>
        <line num="941" type="stmt" count="7"/>
        <line num="942" type="stmt" count="5"/>
        <line num="943" type="stmt" count="3"/>
        <line num="945" type="stmt" count="5"/>
        <line num="948" type="stmt" count="2"/>
        <line num="953" type="stmt" count="64"/>
        <line num="954" type="stmt" count="3"/>
        <line num="956" type="stmt" count="64"/>
        <line num="957" type="stmt" count="64"/>
        <line num="962" type="method" name="processFilters" visibility="protected" complexity="14" crap="14" count="76"/>
        <line num="964" type="stmt" count="76"/>
        <line num="966" type="stmt" count="6"/>
        <line num="968" type="stmt" count="6"/>
        <line num="970" type="stmt" count="1"/>
        <line num="974" type="stmt" count="6"/>
        <line num="975" type="stmt" count="4"/>
        <line num="979" type="stmt" count="6"/>
        <line num="980" type="stmt" count="4"/>
        <line num="984" type="stmt" count="6"/>
        <line num="985" type="stmt" count="4"/>
        <line num="986" type="stmt" count="4"/>
        <line num="989" type="stmt" count="4"/>
        <line num="990" type="stmt" count="4"/>
        <line num="995" type="stmt" count="6"/>
        <line num="997" type="stmt" count="76"/>
        <line num="999" type="method" name="processPermanentFilters" visibility="protected" complexity="1" crap="1" count="66"/>
        <line num="1001" type="stmt" count="66"/>
        <line num="1002" type="stmt" count="66"/>
        <line num="1003" type="stmt" count="66"/>
        <line num="1005" type="method" name="processDefaultFilters" visibility="protected" complexity="1" crap="1" count="74"/>
        <line num="1007" type="stmt" count="74"/>
        <line num="1008" type="stmt" count="74"/>
        <line num="1013" type="method" name="processSessionData" visibility="protected" complexity="6" crap="6" count="71"/>
        <line num="1016" type="stmt" count="71"/>
        <line num="1017" type="stmt" count="58"/>
        <line num="1018" type="stmt" count="58"/>
        <line num="1023" type="stmt" count="71"/>
        <line num="1024" type="stmt" count="8"/>
        <line num="1026" type="stmt" count="63"/>
        <line num="1030" type="stmt" count="71"/>
        <line num="1031" type="stmt" count="5"/>
        <line num="1033" type="stmt" count="5"/>
        <line num="1037" type="stmt" count="71"/>
        <line num="1038" type="stmt" count="3"/>
        <line num="1040" type="stmt" count="68"/>
        <line num="1042" type="stmt" count="71"/>
        <line num="1051" type="method" name="prepare" visibility="protected" complexity="14" crap="14" count="71"/>
        <line num="1053" type="stmt" count="71"/>
        <line num="1054" type="stmt" count="0"/>
        <line num="1057" type="stmt" count="71"/>
        <line num="1058" type="stmt" count="67"/>
        <line num="1060" type="stmt" count="4"/>
        <line num="1063" type="stmt" count="71"/>
        <line num="1064" type="stmt" count="2"/>
        <line num="1067" type="stmt" count="69"/>
        <line num="1068" type="stmt" count="5"/>
        <line num="1069" type="stmt" count="5"/>
        <line num="1071" type="stmt" count="5"/>
        <line num="1075" type="stmt" count="69"/>
        <line num="1076" type="stmt" count="2"/>
        <line num="1077" type="stmt" count="2"/>
        <line num="1078" type="stmt" count="1"/>
        <line num="1080" type="stmt" count="1"/>
        <line num="1081" type="stmt" count="1"/>
        <line num="1082" type="stmt" count="1"/>
        <line num="1085" type="stmt" count="2"/>
        <line num="1091" type="stmt" count="69"/>
        <line num="1092" type="stmt" count="1"/>
        <line num="1095" type="stmt" count="69"/>
        <line num="1097" type="stmt" count="69"/>
        <line num="1098" type="stmt" count="9"/>
        <line num="1102" type="stmt" count="69"/>
        <line num="1103" type="stmt" count="66"/>
        <line num="1104" type="stmt" count="66"/>
        <line num="1106" type="stmt" count="3"/>
        <line num="1107" type="stmt" count="3"/>
        <line num="1110" type="stmt" count="69"/>
        <line num="1111" type="stmt" count="2"/>
        <line num="1114" type="stmt" count="67"/>
        <line num="1116" type="stmt" count="67"/>
        <line num="1126" type="method" name="getFromRequest" visibility="protected" complexity="2" crap="2" count="97"/>
        <line num="1128" type="stmt" count="97"/>
        <line num="1129" type="stmt" count="32"/>
        <line num="1131" type="stmt" count="81"/>
        <line num="1140" type="method" name="get" visibility="protected" complexity="2" crap="2" count="73"/>
        <line num="1142" type="stmt" count="73"/>
        <line num="1143" type="stmt" count="21"/>
        <line num="1145" type="stmt" count="71"/>
        <line num="1153" type="method" name="set" visibility="protected" complexity="11" crap="12.89" count="29"/>
        <line num="1156" type="stmt" count="29"/>
        <line num="1157" type="stmt" count="29"/>
        <line num="1158" type="stmt" count="29"/>
        <line num="1159" type="stmt" count="0"/>
        <line num="1160" type="stmt" count="0"/>
        <line num="1162" type="stmt" count="29"/>
        <line num="1163" type="stmt" count="29"/>
        <line num="1165" type="stmt" count="29"/>
        <line num="1167" type="method" name="saveSession" visibility="protected" complexity="2" crap="2" count="76"/>
        <line num="1169" type="stmt" count="76"/>
        <line num="1170" type="stmt" count="31"/>
        <line num="1172" type="stmt" count="76"/>
        <line num="1174" type="method" name="createHash" visibility="protected" complexity="2" crap="2" count="167"/>
        <line num="1176" type="stmt" count="167"/>
        <line num="1177" type="stmt" count="167"/>
        <line num="1179" type="method" name="getHash" visibility="public" complexity="1" crap="1" count="8"/>
        <line num="1181" type="stmt" count="8"/>
        <line num="1192" type="method" name="addColumn" visibility="public" complexity="1" crap="1" count="134"/>
        <line num="1194" type="stmt" count="134"/>
        <line num="1196" type="stmt" count="134"/>
        <line num="1213" type="method" name="addCustomColumn" visibility="public" complexity="8" crap="72" count="0"/>
        <line num="1223" type="stmt" count="0"/>
        <line num="1224" type="stmt" count="0"/>
        <line num="1227" type="stmt" count="0"/>
        <line num="1228" type="stmt" count="0"/>
        <line num="1229" type="stmt" count="0"/>
        <line num="1230" type="stmt" count="0"/>
        <line num="1231" type="stmt" count="0"/>
        <line num="1232" type="stmt" count="0"/>
        <line num="1237" type="stmt" count="0"/>
        <line num="1238" type="stmt" count="0"/>
        <line num="1240" type="stmt" count="0"/>
        <line num="1242" type="stmt" count="0"/>
        <line num="1243" type="stmt" count="0"/>
        <line num="1250" type="stmt" count="0"/>
        <line num="1251" type="stmt" count="0"/>
        <line num="1252" type="stmt" count="0"/>
        <line num="1253" type="stmt" count="0"/>
        <line num="1255" type="stmt" count="0"/>
        <line num="1256" type="stmt" count="0"/>
        <line num="1257" type="stmt" count="0"/>
        <line num="1258" type="stmt" count="0"/>
        <line num="1259" type="stmt" count="0"/>
        <line num="1261" type="stmt" count="0"/>
        <line num="1264" type="stmt" count="0"/>
        <line num="1267" type="stmt" count="0"/>
        <line num="1271" type="stmt" count="0"/>
        <line num="1272" type="stmt" count="0"/>
        <line num="1282" type="method" name="manipulateCustomColumnContent" visibility="protected" complexity="2" crap="6" count="0"/>
        <line num="1295" type="stmt" count="0"/>
        <line num="1296" type="method" name="anonymousFunction:1296#7009" complexity="2" crap="6" count="0"/>
        <line num="1298" type="stmt" count="0"/>
        <line num="1299" type="stmt" count="0"/>
        <line num="1301" type="stmt" count="0"/>
        <line num="1304" type="stmt" count="0"/>
        <line num="1305" type="stmt" count="0"/>
        <line num="1307" type="stmt" count="0"/>
        <line num="1317" type="method" name="createBooleanFilterForCustomColumn" visibility="protected" complexity="10" crap="110" count="0"/>
        <line num="1331" type="stmt" count="0"/>
        <line num="1332" type="stmt" count="0"/>
        <line num="1334" type="stmt" count="0"/>
        <line num="1335" type="method" name="anonymousFunction:1335#7158" complexity="10" crap="110" count="0"/>
        <line num="1337" type="stmt" count="0"/>
        <line num="1338" type="stmt" count="0"/>
        <line num="1339" type="stmt" count="0"/>
        <line num="1340" type="stmt" count="0"/>
        <line num="1344" type="stmt" count="0"/>
        <line num="1346" type="stmt" count="0"/>
        <line num="1347" type="stmt" count="0"/>
        <line num="1350" type="stmt" count="0"/>
        <line num="1352" type="stmt" count="0"/>
        <line num="1353" type="stmt" count="0"/>
        <line num="1355" type="stmt" count="0"/>
        <line num="1358" type="stmt" count="0"/>
        <line num="1359" type="stmt" count="0"/>
        <line num="1361" type="stmt" count="0"/>
        <line num="1363" type="stmt" count="0"/>
        <line num="1364" type="stmt" count="0"/>
        <line num="1366" type="stmt" count="0"/>
        <line num="1367" type="stmt" count="0"/>
        <line num="1370" type="stmt" count="0"/>
        <line num="1371" type="stmt" count="0"/>
        <line num="1372" type="stmt" count="0"/>
        <line num="1382" type="method" name="createNumericFilterForCustomColumn" visibility="protected" complexity="23" crap="552" count="0"/>
        <line num="1396" type="stmt" count="0"/>
        <line num="1397" type="stmt" count="0"/>
        <line num="1399" type="stmt" count="0"/>
        <line num="1400" type="method" name="anonymousFunction:1400#7454" complexity="23" crap="552" count="0"/>
        <line num="1402" type="stmt" count="0"/>
        <line num="1403" type="stmt" count="0"/>
        <line num="1404" type="stmt" count="0"/>
        <line num="1405" type="stmt" count="0"/>
        <line num="1409" type="stmt" count="0"/>
        <line num="1411" type="stmt" count="0"/>
        <line num="1412" type="stmt" count="0"/>
        <line num="1415" type="stmt" count="0"/>
        <line num="1416" type="stmt" count="0"/>
        <line num="1418" type="stmt" count="0"/>
        <line num="1421" type="stmt" count="0"/>
        <line num="1422" type="stmt" count="0"/>
        <line num="1424" type="stmt" count="0"/>
        <line num="1426" type="stmt" count="0"/>
        <line num="1427" type="stmt" count="0"/>
        <line num="1428" type="stmt" count="0"/>
        <line num="1430" type="stmt" count="0"/>
        <line num="1431" type="stmt" count="0"/>
        <line num="1432" type="stmt" count="0"/>
        <line num="1433" type="stmt" count="0"/>
        <line num="1435" type="stmt" count="0"/>
        <line num="1436" type="stmt" count="0"/>
        <line num="1437" type="stmt" count="0"/>
        <line num="1438" type="stmt" count="0"/>
        <line num="1440" type="stmt" count="0"/>
        <line num="1441" type="stmt" count="0"/>
        <line num="1442" type="stmt" count="0"/>
        <line num="1443" type="stmt" count="0"/>
        <line num="1445" type="stmt" count="0"/>
        <line num="1446" type="stmt" count="0"/>
        <line num="1447" type="stmt" count="0"/>
        <line num="1448" type="stmt" count="0"/>
        <line num="1450" type="stmt" count="0"/>
        <line num="1451" type="stmt" count="0"/>
        <line num="1452" type="stmt" count="0"/>
        <line num="1453" type="stmt" count="0"/>
        <line num="1455" type="stmt" count="0"/>
        <line num="1456" type="stmt" count="0"/>
        <line num="1457" type="stmt" count="0"/>
        <line num="1458" type="stmt" count="0"/>
        <line num="1459" type="stmt" count="0"/>
        <line num="1460" type="stmt" count="0"/>
        <line num="1462" type="stmt" count="0"/>
        <line num="1463" type="stmt" count="0"/>
        <line num="1464" type="stmt" count="0"/>
        <line num="1465" type="stmt" count="0"/>
        <line num="1466" type="stmt" count="0"/>
        <line num="1467" type="stmt" count="0"/>
        <line num="1469" type="stmt" count="0"/>
        <line num="1471" type="stmt" count="0"/>
        <line num="1474" type="stmt" count="0"/>
        <line num="1475" type="stmt" count="0"/>
        <line num="1477" type="stmt" count="0"/>
        <line num="1486" type="method" name="getColumn" visibility="public" complexity="3" crap="3" count="3"/>
        <line num="1488" type="stmt" count="3"/>
        <line num="1489" type="stmt" count="1"/>
        <line num="1490" type="stmt" count="1"/>
        <line num="1494" type="stmt" count="2"/>
        <line num="1502" type="method" name="getColumns" visibility="public" complexity="1" crap="1" count="3"/>
        <line num="1504" type="stmt" count="3"/>
        <line num="1514" type="method" name="hasColumn" visibility="public" complexity="3" crap="3" count="2"/>
        <line num="1516" type="stmt" count="2"/>
        <line num="1517" type="stmt" count="1"/>
        <line num="1518" type="stmt" count="1"/>
        <line num="1522" type="stmt" count="1"/>
        <line num="1532" type="method" name="setColumns" visibility="public" complexity="1" crap="1" count="44"/>
        <line num="1534" type="stmt" count="44"/>
        <line num="1536" type="stmt" count="44"/>
        <line num="1549" type="method" name="setColumnsOrder" visibility="public" complexity="1" crap="1" count="2"/>
        <line num="1551" type="stmt" count="2"/>
        <line num="1553" type="stmt" count="2"/>
        <line num="1563" type="method" name="addMassAction" visibility="public" complexity="3" crap="3" count="18"/>
        <line num="1565" type="stmt" count="18"/>
        <line num="1566" type="stmt" count="17"/>
        <line num="1569" type="stmt" count="18"/>
        <line num="1577" type="method" name="getMassActions" visibility="public" complexity="1" crap="1" count="1"/>
        <line num="1579" type="stmt" count="1"/>
        <line num="1592" type="method" name="addTweak" visibility="public" complexity="4" crap="4" count="37"/>
        <line num="1594" type="stmt" count="37"/>
        <line num="1595" type="stmt" count="1"/>
        <line num="1598" type="stmt" count="36"/>
        <line num="1599" type="stmt" count="36"/>
        <line num="1600" type="stmt" count="35"/>
        <line num="1602" type="stmt" count="1"/>
        <line num="1605" type="stmt" count="36"/>
        <line num="1614" type="method" name="getTweaks" visibility="public" complexity="3" crap="3" count="5"/>
        <line num="1616" type="stmt" count="5"/>
        <line num="1617" type="stmt" count="5"/>
        <line num="1619" type="stmt" count="5"/>
        <line num="1620" type="stmt" count="5"/>
        <line num="1623" type="stmt" count="5"/>
        <line num="1626" type="method" name="getActiveTweaks" visibility="public" complexity="1" crap="1" count="2"/>
        <line num="1628" type="stmt" count="2"/>
        <line num="1636" type="method" name="getTweak" visibility="public" complexity="2" crap="2" count="2"/>
        <line num="1638" type="stmt" count="2"/>
        <line num="1639" type="stmt" count="2"/>
        <line num="1640" type="stmt" count="1"/>
        <line num="1643" type="stmt" count="1"/>
        <line num="1651" type="method" name="getTweaksGroup" visibility="public" complexity="3" crap="3" count="1"/>
        <line num="1653" type="stmt" count="1"/>
        <line num="1655" type="stmt" count="1"/>
        <line num="1656" type="stmt" count="1"/>
        <line num="1657" type="stmt" count="1"/>
        <line num="1661" type="stmt" count="1"/>
        <line num="1664" type="method" name="getActiveTweakGroup" visibility="public" complexity="2" crap="6" count="0"/>
        <line num="1666" type="stmt" count="0"/>
        <line num="1668" type="stmt" count="0"/>
        <line num="1678" type="method" name="addRowAction" visibility="public" complexity="3" crap="3" count="6"/>
        <line num="1680" type="stmt" count="6"/>
        <line num="1681" type="stmt" count="5"/>
        <line num="1684" type="stmt" count="6"/>
        <line num="1692" type="method" name="getRowActions" visibility="public" complexity="1" crap="1" count="1"/>
        <line num="1694" type="stmt" count="1"/>
        <line num="1706" type="method" name="setTemplate" visibility="public" complexity="4" crap="4" count="6"/>
        <line num="1708" type="stmt" count="6"/>
        <line num="1709" type="stmt" count="5"/>
        <line num="1710" type="stmt" count="2"/>
        <line num="1711" type="stmt" count="3"/>
        <line num="1712" type="stmt" count="1"/>
        <line num="1715" type="stmt" count="4"/>
        <line num="1716" type="stmt" count="4"/>
        <line num="1719" type="stmt" count="5"/>
        <line num="1727" type="method" name="getTemplate" visibility="public" complexity="1" crap="1" count="2"/>
        <line num="1729" type="stmt" count="2"/>
        <line num="1739" type="method" name="addExport" visibility="public" complexity="3" crap="3" count="16"/>
        <line num="1741" type="stmt" count="16"/>
        <line num="1742" type="stmt" count="15"/>
        <line num="1745" type="stmt" count="16"/>
        <line num="1753" type="method" name="getExports" visibility="public" complexity="1" crap="1" count="1"/>
        <line num="1755" type="stmt" count="1"/>
        <line num="1763" type="method" name="getExportResponse" visibility="public" complexity="1" crap="2" count="0"/>
        <line num="1765" type="stmt" count="0"/>
        <line num="1773" type="method" name="getMassActionResponse" visibility="public" complexity="1" crap="2" count="0"/>
        <line num="1775" type="stmt" count="0"/>
        <line num="1786" type="method" name="setRouteParameter" visibility="public" complexity="1" crap="1" count="4"/>
        <line num="1788" type="stmt" count="4"/>
        <line num="1790" type="stmt" count="4"/>
        <line num="1798" type="method" name="getRouteParameters" visibility="public" complexity="1" crap="1" count="5"/>
        <line num="1800" type="stmt" count="5"/>
        <line num="1810" type="method" name="setRouteUrl" visibility="public" complexity="1" crap="1" count="8"/>
        <line num="1812" type="stmt" count="8"/>
        <line num="1814" type="stmt" count="8"/>
        <line num="1822" type="method" name="getRouteUrl" visibility="public" complexity="2" crap="2" count="7"/>
        <line num="1824" type="stmt" count="7"/>
        <line num="1825" type="stmt" count="4"/>
        <line num="1828" type="stmt" count="7"/>
        <line num="1831" type="method" name="isReadyForExport" visibility="public" complexity="1" crap="1" count="5"/>
        <line num="1833" type="stmt" count="5"/>
        <line num="1836" type="method" name="isMassActionRedirect" visibility="public" complexity="1" crap="1" count="5"/>
        <line num="1838" type="stmt" count="5"/>
        <line num="1849" type="method" name="setFilters" visibility="protected" complexity="3" crap="3" count="11"/>
        <line num="1851" type="stmt" count="11"/>
        <line num="1852" type="stmt" count="11"/>
        <line num="1853" type="stmt" count="2"/>
        <line num="1855" type="stmt" count="11"/>
        <line num="1859" type="stmt" count="11"/>
        <line num="1869" type="method" name="setPermanentFilters" visibility="public" complexity="1" crap="1" count="2"/>
        <line num="1871" type="stmt" count="2"/>
        <line num="1881" type="method" name="setDefaultFilters" visibility="public" complexity="1" crap="1" count="9"/>
        <line num="1883" type="stmt" count="9"/>
        <line num="1893" type="method" name="setDefaultOrder" visibility="public" complexity="1" crap="1" count="14"/>
        <line num="1895" type="stmt" count="14"/>
        <line num="1896" type="stmt" count="14"/>
        <line num="1898" type="stmt" count="14"/>
        <line num="1908" type="method" name="setId" visibility="public" complexity="1" crap="1" count="2"/>
        <line num="1910" type="stmt" count="2"/>
        <line num="1912" type="stmt" count="2"/>
        <line num="1920" type="method" name="getId" visibility="public" complexity="1" crap="1" count="166"/>
        <line num="1922" type="stmt" count="166"/>
        <line num="1932" type="method" name="setPersistence" visibility="public" complexity="1" crap="1" count="24"/>
        <line num="1934" type="stmt" count="24"/>
        <line num="1936" type="stmt" count="24"/>
        <line num="1944" type="method" name="getPersistence" visibility="public" complexity="1" crap="1" count="1"/>
        <line num="1946" type="stmt" count="1"/>
        <line num="1949" type="method" name="getDataJunction" visibility="public" complexity="1" crap="1" count="1"/>
        <line num="1951" type="stmt" count="1"/>
        <line num="1954" type="method" name="setDataJunction" visibility="public" complexity="1" crap="1" count="3"/>
        <line num="1956" type="stmt" count="3"/>
        <line num="1958" type="stmt" count="3"/>
        <line num="1970" type="method" name="setLimits" visibility="public" complexity="4" crap="4" count="29"/>
        <line num="1972" type="stmt" count="29"/>
        <line num="1973" type="stmt" count="12"/>
        <line num="1974" type="stmt" count="6"/>
        <line num="1976" type="stmt" count="12"/>
        <line num="1978" type="stmt" count="17"/>
        <line num="1979" type="stmt" count="16"/>
        <line num="1981" type="stmt" count="1"/>
        <line num="1984" type="stmt" count="28"/>
        <line num="1992" type="method" name="getLimits" visibility="public" complexity="1" crap="1" count="4"/>
        <line num="1994" type="stmt" count="4"/>
        <line num="2002" type="method" name="getLimit" visibility="public" complexity="1" crap="1" count="1"/>
        <line num="2004" type="stmt" count="1"/>
        <line num="2014" type="method" name="setDefaultLimit" visibility="public" complexity="1" crap="1" count="9"/>
        <line num="2016" type="stmt" count="9"/>
        <line num="2018" type="stmt" count="9"/>
        <line num="2028" type="method" name="setDefaultPage" visibility="public" complexity="1" crap="1" count="8"/>
        <line num="2030" type="stmt" count="8"/>
        <line num="2032" type="stmt" count="8"/>
        <line num="2042" type="method" name="setDefaultTweak" visibility="public" complexity="1" crap="1" count="6"/>
        <line num="2044" type="stmt" count="6"/>
        <line num="2046" type="stmt" count="6"/>
        <line num="2058" type="method" name="setPage" visibility="public" complexity="2" crap="2" count="93"/>
        <line num="2060" type="stmt" count="93"/>
        <line num="2061" type="stmt" count="92"/>
        <line num="2063" type="stmt" count="1"/>
        <line num="2066" type="stmt" count="92"/>
        <line num="2074" type="method" name="getPage" visibility="public" complexity="1" crap="1" count="1"/>
        <line num="2076" type="stmt" count="1"/>
        <line num="2084" type="method" name="getRows" visibility="public" complexity="1" crap="1" count="1"/>
        <line num="2086" type="stmt" count="1"/>
        <line num="2094" type="method" name="getPageCount" visibility="public" complexity="2" crap="2.06" count="1"/>
        <line num="2096" type="stmt" count="1"/>
        <line num="2097" type="stmt" count="1"/>
        <line num="2098" type="stmt" count="0"/>
        <line num="2102" type="stmt" count="1"/>
        <line num="2110" type="method" name="getTotalCount" visibility="public" complexity="1" crap="1" count="1"/>
        <line num="2112" type="stmt" count="1"/>
        <line num="2124" type="method" name="setMaxResults" visibility="public" complexity="4" crap="4" count="24"/>
        <line num="2126" type="stmt" count="24"/>
        <line num="2127" type="stmt" count="1"/>
        <line num="2130" type="stmt" count="23"/>
        <line num="2132" type="stmt" count="23"/>
        <line num="2140" type="method" name="isFiltered" visibility="public" complexity="3" crap="3" count="2"/>
        <line num="2142" type="stmt" count="2"/>
        <line num="2143" type="stmt" count="2"/>
        <line num="2144" type="stmt" count="2"/>
        <line num="2148" type="stmt" count="1"/>
        <line num="2156" type="method" name="isTitleSectionVisible" visibility="public" complexity="4" crap="4" count="3"/>
        <line num="2158" type="stmt" count="3"/>
        <line num="2159" type="stmt" count="2"/>
        <line num="2160" type="stmt" count="2"/>
        <line num="2161" type="stmt" count="2"/>
        <line num="2166" type="stmt" count="2"/>
        <line num="2174" type="method" name="isFilterSectionVisible" visibility="public" complexity="6" crap="6" count="5"/>
        <line num="2176" type="stmt" count="5"/>
        <line num="2177" type="stmt" count="4"/>
        <line num="2178" type="stmt" count="4"/>
        <line num="2179" type="stmt" count="4"/>
        <line num="2184" type="stmt" count="4"/>
        <line num="2192" type="method" name="isPagerSectionVisible" visibility="public" complexity="2" crap="2" count="3"/>
        <line num="2194" type="stmt" count="3"/>
        <line num="2196" type="stmt" count="3"/>
        <line num="2197" type="stmt" count="1"/>
        <line num="2201" type="stmt" count="2"/>
        <line num="2209" type="method" name="isPinnable" visibility="public" complexity="1" crap="2" count="0"/>
        <line num="2211" type="stmt" count="0"/>
        <line num="2221" type="method" name="setPinned" visibility="public" complexity="1" crap="2" count="0"/>
        <line num="2223" type="stmt" count="0"/>
        <line num="2225" type="stmt" count="0"/>
        <line num="2233" type="method" name="hideFilters" visibility="public" complexity="1" crap="1" count="2"/>
        <line num="2235" type="stmt" count="2"/>
        <line num="2237" type="stmt" count="2"/>
        <line num="2245" type="method" name="hideTitles" visibility="public" complexity="1" crap="1" count="2"/>
        <line num="2247" type="stmt" count="2"/>
        <line num="2249" type="stmt" count="2"/>
        <line num="2259" type="method" name="addColumnExtension" visibility="public" complexity="1" crap="1" count="1"/>
        <line num="2261" type="stmt" count="1"/>
        <line num="2263" type="stmt" count="1"/>
        <line num="2273" type="method" name="setPrefixTitle" visibility="public" complexity="1" crap="1" count="2"/>
        <line num="2275" type="stmt" count="2"/>
        <line num="2277" type="stmt" count="2"/>
        <line num="2285" type="method" name="getPrefixTitle" visibility="public" complexity="1" crap="1" count="1"/>
        <line num="2287" type="stmt" count="1"/>
        <line num="2297" type="method" name="setNoDataMessage" visibility="public" complexity="1" crap="1" count="2"/>
        <line num="2299" type="stmt" count="2"/>
        <line num="2301" type="stmt" count="2"/>
        <line num="2309" type="method" name="getNoDataMessage" visibility="public" complexity="1" crap="1" count="1"/>
        <line num="2311" type="stmt" count="1"/>
        <line num="2321" type="method" name="setNoResultMessage" visibility="public" complexity="1" crap="1" count="2"/>
        <line num="2323" type="stmt" count="2"/>
        <line num="2325" type="stmt" count="2"/>
        <line num="2333" type="method" name="getNoResultMessage" visibility="public" complexity="1" crap="1" count="1"/>
        <line num="2335" type="stmt" count="1"/>
        <line num="2345" type="method" name="setHiddenColumns" visibility="public" complexity="1" crap="1" count="4"/>
        <line num="2347" type="stmt" count="4"/>
        <line num="2349" type="stmt" count="4"/>
        <line num="2360" type="method" name="setVisibleColumns" visibility="public" complexity="1" crap="1" count="4"/>
        <line num="2362" type="stmt" count="4"/>
        <line num="2364" type="stmt" count="4"/>
        <line num="2374" type="method" name="showColumns" visibility="public" complexity="2" crap="2" count="4"/>
        <line num="2376" type="stmt" count="4"/>
        <line num="2377" type="stmt" count="4"/>
        <line num="2380" type="stmt" count="4"/>
        <line num="2390" type="method" name="hideColumns" visibility="public" complexity="2" crap="2" count="4"/>
        <line num="2392" type="stmt" count="4"/>
        <line num="2393" type="stmt" count="4"/>
        <line num="2396" type="stmt" count="4"/>
        <line num="2406" type="method" name="setActionsColumnSize" visibility="public" complexity="1" crap="1" count="2"/>
        <line num="2408" type="stmt" count="2"/>
        <line num="2410" type="stmt" count="2"/>
        <line num="2420" type="method" name="setActionsColumnTitle" visibility="public" complexity="1" crap="1" count="2"/>
        <line num="2422" type="stmt" count="2"/>
        <line num="2424" type="stmt" count="2"/>
        <line num="2432" type="method" name="deleteAction" visibility="public" complexity="1" crap="1" count="1"/>
        <line num="2434" type="stmt" count="1"/>
        <line num="2435" type="stmt" count="1"/>
        <line num="2440" type="method" name="__clone" visibility="public" complexity="1" crap="1" count="1"/>
        <line num="2443" type="stmt" count="1"/>
        <line num="2444" type="stmt" count="1"/>
        <line num="2457" type="method" name="getGridResponse" visibility="public" complexity="8" crap="9.49" count="8"/>
        <line num="2459" type="stmt" count="8"/>
        <line num="2461" type="stmt" count="5"/>
        <line num="2462" type="stmt" count="0"/>
        <line num="2465" type="stmt" count="5"/>
        <line num="2466" type="stmt" count="0"/>
        <line num="2469" type="stmt" count="5"/>
        <line num="2475" type="stmt" count="1"/>
        <line num="2476" type="stmt" count="1"/>
        <line num="2477" type="stmt" count="0"/>
        <line num="2479" type="stmt" count="0"/>
        <line num="2484" type="stmt" count="0"/>
        <line num="2487" type="stmt" count="0"/>
        <line num="2489" type="stmt" count="4"/>
        <line num="2490" type="stmt" count="2"/>
        <line num="2491" type="stmt" count="2"/>
        <line num="2493" type="stmt" count="2"/>
        <line num="2494" type="stmt" count="2"/>
        <line num="2497" type="stmt" count="4"/>
        <line num="2499" type="stmt" count="4"/>
        <line num="2500" type="stmt" count="2"/>
        <line num="2502" type="stmt" count="2"/>
        <line num="2515" type="method" name="getRawData" visibility="public" complexity="6" crap="6" count="3"/>
        <line num="2517" type="stmt" count="3"/>
        <line num="2518" type="stmt" count="1"/>
        <line num="2519" type="stmt" count="1"/>
        <line num="2523" type="stmt" count="3"/>
        <line num="2524" type="stmt" count="3"/>
        <line num="2525" type="stmt" count="3"/>
        <line num="2526" type="stmt" count="3"/>
        <line num="2527" type="stmt" count="3"/>
        <line num="2528" type="stmt" count="3"/>
        <line num="2529" type="stmt" count="2"/>
        <line num="2531" type="stmt" count="3"/>
        <line num="2535" type="stmt" count="3"/>
        <line num="2538" type="stmt" count="3"/>
        <line num="2548" type="method" name="getFilters" visibility="public" complexity="8" crap="8.04" count="5"/>
        <line num="2550" type="stmt" count="5"/>
        <line num="2551" type="stmt" count="1"/>
        <line num="2554" type="stmt" count="4"/>
        <line num="2555" type="stmt" count="4"/>
        <line num="2556" type="stmt" count="4"/>
        <line num="2559" type="stmt" count="4"/>
        <line num="2560" type="stmt" count="4"/>
        <line num="2561" type="stmt" count="4"/>
        <line num="2562" type="stmt" count="4"/>
        <line num="2563" type="stmt" count="4"/>
        <line num="2564" type="stmt" count="4"/>
        <line num="2565" type="stmt" count="4"/>
        <line num="2566" type="stmt" count="4"/>
        <line num="2570" type="stmt" count="4"/>
        <line num="2571" type="stmt" count="4"/>
        <line num="2574" type="stmt" count="4"/>
        <line num="2575" type="stmt" count="2"/>
        <line num="2576" type="stmt" count="2"/>
        <line num="2577" type="stmt" count="2"/>
        <line num="2579" type="stmt" count="0"/>
        <line num="2582" type="stmt" count="2"/>
        <line num="2583" type="stmt" count="0"/>
        <line num="2586" type="stmt" count="2"/>
        <line num="2590" type="stmt" count="4"/>
        <line num="2602" type="method" name="getFilter" visibility="public" complexity="3" crap="3" count="5"/>
        <line num="2604" type="stmt" count="5"/>
        <line num="2605" type="stmt" count="1"/>
        <line num="2608" type="stmt" count="4"/>
        <line num="2610" type="stmt" count="4"/>
        <line num="2622" type="method" name="hasFilter" visibility="public" complexity="2" crap="2" count="3"/>
        <line num="2624" type="stmt" count="3"/>
        <line num="2625" type="stmt" count="1"/>
        <line num="2628" type="stmt" count="2"/>
        <metrics loc="2630" ncloc="1730" classes="1" methods="114" coveredmethods="89" conditionals="0" coveredconditionals="0" statements="719" coveredstatements="511" elements="833" coveredelements="600"/>
      </file>
      <file name="/Users/samuele/Desktop/MadisoftAPYDataGridBundle/Grid/GridBuilder.php">
        <class name="GridBuilder" namespace="APY\DataGridBundle\Grid">
          <metrics complexity="13" methods="6" coveredmethods="5" conditionals="0" coveredconditionals="0" statements="27" coveredstatements="23" elements="33" coveredelements="28"/>
        </class>
        <line num="46" type="method" name="__construct" visibility="public" complexity="1" crap="1" count="14"/>
        <line num="48" type="stmt" count="14"/>
        <line num="50" type="stmt" count="14"/>
        <line num="51" type="stmt" count="14"/>
        <line num="52" type="stmt" count="14"/>
        <line num="57" type="method" name="add" visibility="public" complexity="3" crap="3" count="7"/>
        <line num="59" type="stmt" count="7"/>
        <line num="60" type="stmt" count="6"/>
        <line num="61" type="stmt" count="1"/>
        <line num="64" type="stmt" count="5"/>
        <line num="67" type="stmt" count="6"/>
        <line num="69" type="stmt" count="6"/>
        <line num="75" type="method" name="get" visibility="public" complexity="2" crap="2" count="2"/>
        <line num="77" type="stmt" count="2"/>
        <line num="78" type="stmt" count="1"/>
        <line num="81" type="stmt" count="1"/>
        <line num="83" type="stmt" count="1"/>
        <line num="89" type="method" name="has" visibility="public" complexity="1" crap="1" count="6"/>
        <line num="91" type="stmt" count="6"/>
        <line num="97" type="method" name="remove" visibility="public" complexity="1" crap="1" count="2"/>
        <line num="99" type="stmt" count="2"/>
        <line num="101" type="stmt" count="2"/>
        <line num="107" type="method" name="getGrid" visibility="public" complexity="5" crap="6.60" count="3"/>
        <line num="109" type="stmt" count="3"/>
        <line num="111" type="stmt" count="3"/>
        <line num="113" type="stmt" count="3"/>
        <line num="114" type="stmt" count="0"/>
        <line num="117" type="stmt" count="3"/>
        <line num="118" type="stmt" count="0"/>
        <line num="119" type="stmt" count="0"/>
        <line num="120" type="stmt" count="0"/>
        <line num="125" type="stmt" count="3"/>
        <line num="127" type="stmt" count="3"/>
        <metrics loc="129" ncloc="86" classes="1" methods="6" coveredmethods="5" conditionals="0" coveredconditionals="0" statements="27" coveredstatements="23" elements="33" coveredelements="28"/>
      </file>
      <file name="/Users/samuele/Desktop/MadisoftAPYDataGridBundle/Grid/GridConfigBuilder.php">
        <class name="GridConfigBuilder" namespace="APY\DataGridBundle\Grid">
          <metrics complexity="34" methods="33" coveredmethods="33" conditionals="0" coveredconditionals="0" statements="50" coveredstatements="50" elements="83" coveredelements="83"/>
        </class>
        <line num="101" type="method" name="__construct" visibility="public" complexity="1" crap="1" count="46"/>
        <line num="103" type="stmt" count="46"/>
        <line num="104" type="stmt" count="46"/>
        <line num="105" type="stmt" count="46"/>
        <line num="110" type="method" name="getName" visibility="public" complexity="1" crap="1" count="5"/>
        <line num="112" type="stmt" count="5"/>
        <line num="118" type="method" name="getSource" visibility="public" complexity="1" crap="1" count="5"/>
        <line num="120" type="stmt" count="5"/>
        <line num="130" type="method" name="setSource" visibility="public" complexity="1" crap="1" count="2"/>
        <line num="132" type="stmt" count="2"/>
        <line num="134" type="stmt" count="2"/>
        <line num="140" type="method" name="getType" visibility="public" complexity="1" crap="1" count="3"/>
        <line num="142" type="stmt" count="3"/>
        <line num="152" type="method" name="setType" visibility="public" complexity="1" crap="1" count="6"/>
        <line num="154" type="stmt" count="6"/>
        <line num="156" type="stmt" count="6"/>
        <line num="162" type="method" name="getRoute" visibility="public" complexity="1" crap="1" count="4"/>
        <line num="164" type="stmt" count="4"/>
        <line num="174" type="method" name="setRoute" visibility="public" complexity="1" crap="1" count="4"/>
        <line num="176" type="stmt" count="4"/>
        <line num="178" type="stmt" count="4"/>
        <line num="184" type="method" name="getRouteParameters" visibility="public" complexity="1" crap="1" count="4"/>
        <line num="186" type="stmt" count="4"/>
        <line num="196" type="method" name="setRouteParameters" visibility="public" complexity="1" crap="1" count="4"/>
        <line num="198" type="stmt" count="4"/>
        <line num="200" type="stmt" count="4"/>
        <line num="206" type="method" name="isPersisted" visibility="public" complexity="1" crap="1" count="4"/>
        <line num="208" type="stmt" count="4"/>
        <line num="218" type="method" name="setPersistence" visibility="public" complexity="1" crap="1" count="4"/>
        <line num="220" type="stmt" count="4"/>
        <line num="222" type="stmt" count="4"/>
        <line num="228" type="method" name="getPage" visibility="public" complexity="1" crap="1" count="4"/>
        <line num="230" type="stmt" count="4"/>
        <line num="240" type="method" name="setPage" visibility="public" complexity="1" crap="1" count="4"/>
        <line num="242" type="stmt" count="4"/>
        <line num="244" type="stmt" count="4"/>
        <line num="250" type="method" name="getOptions" visibility="public" complexity="1" crap="1" count="2"/>
        <line num="252" type="stmt" count="2"/>
        <line num="258" type="method" name="hasOption" visibility="public" complexity="1" crap="1" count="1"/>
        <line num="260" type="stmt" count="1"/>
        <line num="266" type="method" name="getOption" visibility="public" complexity="2" crap="2" count="1"/>
        <line num="268" type="stmt" count="1"/>
        <line num="274" type="method" name="getMaxPerPage" visibility="public" complexity="1" crap="1" count="4"/>
        <line num="276" type="stmt" count="4"/>
        <line num="286" type="method" name="setMaxPerPage" visibility="public" complexity="1" crap="1" count="4"/>
        <line num="288" type="stmt" count="4"/>
        <line num="290" type="stmt" count="4"/>
        <line num="298" type="method" name="getMaxResults" visibility="public" complexity="1" crap="1" count="4"/>
        <line num="300" type="stmt" count="4"/>
        <line num="310" type="method" name="setMaxResults" visibility="public" complexity="1" crap="1" count="4"/>
        <line num="312" type="stmt" count="4"/>
        <line num="314" type="stmt" count="4"/>
        <line num="320" type="method" name="isSortable" visibility="public" complexity="1" crap="1" count="1"/>
        <line num="322" type="stmt" count="1"/>
        <line num="332" type="method" name="setSortable" visibility="public" complexity="1" crap="1" count="4"/>
        <line num="334" type="stmt" count="4"/>
        <line num="336" type="stmt" count="4"/>
        <line num="342" type="method" name="isFilterable" visibility="public" complexity="1" crap="1" count="1"/>
        <line num="344" type="stmt" count="1"/>
        <line num="354" type="method" name="setFilterable" visibility="public" complexity="1" crap="1" count="4"/>
        <line num="356" type="stmt" count="4"/>
        <line num="358" type="stmt" count="4"/>
        <line num="364" type="method" name="getOrder" visibility="public" complexity="1" crap="1" count="1"/>
        <line num="366" type="stmt" count="1"/>
        <line num="376" type="method" name="setOrder" visibility="public" complexity="1" crap="1" count="4"/>
        <line num="378" type="stmt" count="4"/>
        <line num="380" type="stmt" count="4"/>
        <line num="386" type="method" name="getSortBy" visibility="public" complexity="1" crap="1" count="4"/>
        <line num="388" type="stmt" count="4"/>
        <line num="398" type="method" name="setSortBy" visibility="public" complexity="1" crap="1" count="4"/>
        <line num="400" type="stmt" count="4"/>
        <line num="402" type="stmt" count="4"/>
        <line num="408" type="method" name="getGroupBy" visibility="public" complexity="1" crap="1" count="1"/>
        <line num="410" type="stmt" count="1"/>
        <line num="420" type="method" name="setGroupBy" visibility="public" complexity="1" crap="1" count="4"/>
        <line num="422" type="stmt" count="4"/>
        <line num="424" type="stmt" count="4"/>
        <line num="432" type="method" name="addAction" visibility="public" complexity="1" crap="1" count="1"/>
        <line num="434" type="stmt" count="1"/>
        <line num="436" type="stmt" count="1"/>
        <line num="442" type="method" name="getGridConfig" visibility="public" complexity="1" crap="1" count="4"/>
        <line num="444" type="stmt" count="4"/>
        <line num="446" type="stmt" count="4"/>
        <metrics loc="448" ncloc="237" classes="1" methods="33" coveredmethods="33" conditionals="0" coveredconditionals="0" statements="50" coveredstatements="50" elements="83" coveredelements="83"/>
      </file>
      <file name="/Users/samuele/Desktop/MadisoftAPYDataGridBundle/Grid/GridFactory.php">
        <class name="GridFactory" namespace="APY\DataGridBundle\Grid">
          <metrics complexity="12" methods="6" coveredmethods="5" conditionals="0" coveredconditionals="0" statements="33" coveredstatements="32" elements="39" coveredelements="37"/>
        </class>
        <line num="36" type="method" name="__construct" visibility="public" complexity="1" crap="1" count="8"/>
        <line num="38" type="stmt" count="8"/>
        <line num="39" type="stmt" count="8"/>
        <line num="40" type="stmt" count="8"/>
        <line num="45" type="method" name="create" visibility="public" complexity="1" crap="1" count="3"/>
        <line num="47" type="stmt" count="3"/>
        <line num="53" type="method" name="createBuilder" visibility="public" complexity="1" crap="1" count="5"/>
        <line num="55" type="stmt" count="5"/>
        <line num="56" type="stmt" count="4"/>
        <line num="58" type="stmt" count="4"/>
        <line num="59" type="stmt" count="4"/>
        <line num="61" type="stmt" count="4"/>
        <line num="63" type="stmt" count="4"/>
        <line num="69" type="method" name="createColumn" visibility="public" complexity="3" crap="3" count="3"/>
        <line num="71" type="stmt" count="3"/>
        <line num="72" type="stmt" count="2"/>
        <line num="73" type="stmt" count="1"/>
        <line num="76" type="stmt" count="1"/>
        <line num="78" type="stmt" count="1"/>
        <line num="79" type="stmt" count="1"/>
        <line num="80" type="stmt" count="1"/>
        <line num="81" type="stmt" count="1"/>
        <line num="83" type="stmt" count="1"/>
        <line num="85" type="stmt" count="1"/>
        <line num="86" type="stmt" count="1"/>
        <line num="89" type="stmt" count="2"/>
        <line num="99" type="method" name="resolveType" visibility="private" complexity="3" crap="3" count="5"/>
        <line num="101" type="stmt" count="5"/>
        <line num="102" type="stmt" count="3"/>
        <line num="103" type="stmt" count="1"/>
        <line num="106" type="stmt" count="2"/>
        <line num="109" type="stmt" count="4"/>
        <line num="121" type="method" name="resolveOptions" visibility="private" complexity="3" crap="3.04" count="4"/>
        <line num="123" type="stmt" count="4"/>
        <line num="125" type="stmt" count="4"/>
        <line num="127" type="stmt" count="4"/>
        <line num="128" type="stmt" count="0"/>
        <line num="131" type="stmt" count="4"/>
        <line num="133" type="stmt" count="4"/>
        <metrics loc="135" ncloc="91" classes="1" methods="6" coveredmethods="5" conditionals="0" coveredconditionals="0" statements="33" coveredstatements="32" elements="39" coveredelements="37"/>
      </file>
      <file name="/Users/samuele/Desktop/MadisoftAPYDataGridBundle/Grid/GridManager.php">
        <class name="GridManager" namespace="APY\DataGridBundle\Grid">
          <metrics complexity="29" methods="10" coveredmethods="10" conditionals="0" coveredconditionals="0" statements="73" coveredstatements="73" elements="83" coveredelements="83"/>
        </class>
        <line num="34" type="method" name="__construct" visibility="public" complexity="1" crap="1" count="28"/>
        <line num="36" type="stmt" count="28"/>
        <line num="37" type="stmt" count="28"/>
        <line num="38" type="stmt" count="28"/>
        <line num="40" type="method" name="getIterator" visibility="public" complexity="1" crap="1" count="1"/>
        <line num="42" type="stmt" count="1"/>
        <line num="45" type="method" name="count" visibility="public" complexity="1" crap="1" count="1"/>
        <line num="47" type="stmt" count="1"/>
        <line num="55" type="method" name="createGrid" visibility="public" complexity="2" crap="2" count="23"/>
        <line num="57" type="stmt" count="23"/>
        <line num="59" type="stmt" count="23"/>
        <line num="60" type="stmt" count="1"/>
        <line num="63" type="stmt" count="23"/>
        <line num="65" type="stmt" count="23"/>
        <line num="68" type="method" name="isReadyForRedirect" visibility="public" complexity="6" crap="6" count="14"/>
        <line num="70" type="stmt" count="14"/>
[...]
        <line num="85" type="stmt" count="0"/>
        <line num="86" type="stmt" count="0"/>
        <line num="87" type="stmt" count="0"/>
        <line num="88" type="stmt" count="0"/>
        <line num="89" type="stmt" count="0"/>
        <line num="90" type="stmt" count="0"/>
        <line num="91" type="stmt" count="0"/>
        <line num="93" type="stmt" count="0"/>
        <line num="94" type="stmt" count="0"/>
        <line num="95" type="stmt" count="0"/>
        <line num="96" type="stmt" count="0"/>
        <line num="98" type="stmt" count="0"/>
        <line num="99" type="stmt" count="0"/>
        <line num="100" type="stmt" count="0"/>
        <line num="101" type="stmt" count="0"/>
        <line num="102" type="stmt" count="0"/>
        <line num="103" type="stmt" count="0"/>
        <line num="106" type="stmt" count="0"/>
        <line num="107" type="stmt" count="0"/>
        <line num="108" type="stmt" count="0"/>
        <line num="109" type="stmt" count="0"/>
        <line num="110" type="stmt" count="0"/>
        <line num="112" type="stmt" count="0"/>
        <line num="113" type="stmt" count="0"/>
        <line num="114" type="stmt" count="0"/>
        <line num="115" type="stmt" count="0"/>
        <line num="117" type="stmt" count="0"/>
        <line num="118" type="stmt" count="0"/>
        <line num="119" type="stmt" count="0"/>
        <line num="120" type="stmt" count="0"/>
        <line num="121" type="stmt" count="0"/>
        <line num="123" type="stmt" count="0"/>
        <line num="124" type="stmt" count="0"/>
        <line num="125" type="stmt" count="0"/>
        <line num="126" type="stmt" count="0"/>
        <line num="127" type="stmt" count="0"/>
        <line num="128" type="stmt" count="0"/>
        <line num="130" type="method" name="finalizeInitTemplateGridEdit" visibility="public" complexity="5" crap="30" count="0"/>
        <line num="131" type="stmt" count="0"/>
        <line num="133" type="stmt" count="0"/>
        <line num="136" type="stmt" count="0"/>
        <line num="138" type="stmt" count="0"/>
        <line num="139" type="stmt" count="0"/>
        <line num="140" type="stmt" count="0"/>
        <line num="141" type="stmt" count="0"/>
        <line num="147" type="stmt" count="0"/>
        <line num="148" type="stmt" count="0"/>
        <line num="149" type="stmt" count="0"/>
        <line num="150" type="stmt" count="0"/>
        <line num="151" type="stmt" count="0"/>
        <line num="152" type="stmt" count="0"/>
        <line num="153" type="stmt" count="0"/>
        <line num="154" type="stmt" count="0"/>
        <line num="155" type="stmt" count="0"/>
        <line num="156" type="stmt" count="0"/>
        <line num="157" type="stmt" count="0"/>
        <line num="159" type="stmt" count="0"/>
        <line num="160" type="stmt" count="0"/>
        <line num="161" type="stmt" count="0"/>
        <line num="162" type="stmt" count="0"/>
        <line num="164" type="stmt" count="0"/>
        <line num="165" type="stmt" count="0"/>
        <line num="166" type="stmt" count="0"/>
        <line num="167" type="stmt" count="0"/>
        <line num="168" type="stmt" count="0"/>
        <line num="170" type="stmt" count="0"/>
        <line num="171" type="stmt" count="0"/>
        <line num="172" type="stmt" count="0"/>
        <line num="173" type="stmt" count="0"/>
        <line num="174" type="stmt" count="0"/>
        <line num="175" type="stmt" count="0"/>
        <line num="177" type="method" name="finalizeInitTemplateFilterGrid" visibility="public" complexity="5" crap="30" count="0"/>
        <line num="178" type="stmt" count="0"/>
        <line num="180" type="stmt" count="0"/>
        <line num="183" type="stmt" count="0"/>
        <line num="185" type="stmt" count="0"/>
        <line num="186" type="stmt" count="0"/>
        <line num="187" type="stmt" count="0"/>
        <line num="188" type="stmt" count="0"/>
        <line num="189" type="stmt" count="0"/>
        <line num="190" type="stmt" count="0"/>
        <line num="191" type="stmt" count="0"/>
        <line num="192" type="stmt" count="0"/>
        <line num="193" type="stmt" count="0"/>
        <line num="194" type="stmt" count="0"/>
        <line num="195" type="stmt" count="0"/>
        <line num="196" type="stmt" count="0"/>
        <line num="197" type="stmt" count="0"/>
        <line num="199" type="stmt" count="0"/>
        <line num="200" type="stmt" count="0"/>
        <line num="201" type="stmt" count="0"/>
        <line num="202" type="stmt" count="0"/>
        <line num="204" type="stmt" count="0"/>
        <line num="205" type="stmt" count="0"/>
        <line num="206" type="stmt" count="0"/>
        <line num="207" type="stmt" count="0"/>
        <line num="208" type="stmt" count="0"/>
        <line num="210" type="stmt" count="0"/>
        <line num="211" type="stmt" count="0"/>
        <line num="212" type="stmt" count="0"/>
        <line num="213" type="stmt" count="0"/>
        <line num="214" type="stmt" count="0"/>
        <line num="215" type="stmt" count="0"/>
        <line num="225" type="method" name="manipolaColonnaAzioni" visibility="protected" complexity="3" crap="12" count="0"/>
        <line num="226" type="stmt" count="0"/>
        <line num="228" type="stmt" count="0"/>
        <line num="230" type="stmt" count="0"/>
        <line num="231" type="method" name="anonymousFunction:231#1511" complexity="2" crap="6" count="0"/>
        <line num="232" type="stmt" count="0"/>
        <line num="233" type="stmt" count="0"/>
        <line num="234" type="stmt" count="0"/>
        <line num="235" type="stmt" count="0"/>
        <line num="236" type="stmt" count="0"/>
        <line num="237" type="stmt" count="0"/>
        <line num="238" type="stmt" count="0"/>
        <line num="239" type="stmt" count="0"/>
        <line num="240" type="stmt" count="0"/>
        <line num="241" type="stmt" count="0"/>
        <line num="242" type="stmt" count="0"/>
        <line num="243" type="stmt" count="0"/>
        <line num="244" type="stmt" count="0"/>
        <line num="245" type="stmt" count="0"/>
        <line num="247" type="stmt" count="0"/>
        <line num="248" type="stmt" count="0"/>
        <metrics loc="251" ncloc="206" classes="1" methods="7" coveredmethods="0" conditionals="0" coveredconditionals="0" statements="151" coveredstatements="0" elements="158" coveredelements="0"/>
      </file>
    </package>
    <package name="APY\DataGridBundle\Translation">
      <file name="/Users/samuele/Desktop/MadisoftAPYDataGridBundle/Translation/ColumnTitleAnnotationTranslationExtractor.php">
        <class name="ColumnTitleAnnotationTranslationExtractor" namespace="APY\DataGridBundle\Translation">
          <metrics complexity="17" methods="8" coveredmethods="0" conditionals="0" coveredconditionals="0" statements="46" coveredstatements="0" elements="54" coveredelements="0"/>
        </class>
        <line num="26" type="method" name="beforeTraverse" visibility="public" complexity="1" crap="2" count="0"/>
        <line num="27" type="stmt" count="0"/>
        <line num="28" type="stmt" count="0"/>
        <line num="29" type="stmt" count="0"/>
        <line num="30" type="stmt" count="0"/>
        <line num="32" type="method" name="enterNode" visibility="public" complexity="5" crap="30" count="0"/>
        <line num="33" type="stmt" count="0"/>
        <line num="34" type="stmt" count="0"/>
        <line num="36" type="stmt" count="0"/>
        <line num="37" type="stmt" count="0"/>
        <line num="39" type="stmt" count="0"/>
        <line num="40" type="stmt" count="0"/>
        <line num="41" type="stmt" count="0"/>
        <line num="42" type="stmt" count="0"/>
        <line num="44" type="stmt" count="0"/>
        <line num="45" type="stmt" count="0"/>
        <line num="46" type="stmt" count="0"/>
        <line num="48" type="method" name="leaveNode" visibility="public" complexity="1" crap="2" count="0"/>
        <line num="49" type="stmt" count="0"/>
        <line num="50" type="stmt" count="0"/>
        <line num="51" type="method" name="afterTraverse" visibility="public" complexity="1" crap="2" count="0"/>
        <line num="52" type="stmt" count="0"/>
        <line num="53" type="stmt" count="0"/>
        <line num="55" type="method" name="visitFile" visibility="public" complexity="1" crap="2" count="0"/>
        <line num="56" type="stmt" count="0"/>
        <line num="57" type="stmt" count="0"/>
        <line num="59" type="method" name="visitPhpFile" visibility="public" complexity="6" crap="42" count="0"/>
        <line num="60" type="stmt" count="0"/>
        <line num="61" type="stmt" count="0"/>
        <line num="64" type="stmt" count="0"/>
        <line num="65" type="stmt" count="0"/>
        <line num="66" type="stmt" count="0"/>
        <line num="68" type="stmt" count="0"/>
        <line num="70" type="stmt" count="0"/>
        <line num="71" type="stmt" count="0"/>
        <line num="72" type="stmt" count="0"/>
        <line num="73" type="stmt" count="0"/>
        <line num="76" type="stmt" count="0"/>
        <line num="77" type="stmt" count="0"/>
        <line num="78" type="stmt" count="0"/>
        <line num="79" type="stmt" count="0"/>
        <line num="80" type="stmt" count="0"/>
        <line num="81" type="stmt" count="0"/>
        <line num="82" type="stmt" count="0"/>
        <line num="83" type="stmt" count="0"/>
        <line num="84" type="stmt" count="0"/>
        <line num="85" type="stmt" count="0"/>
        <line num="87" type="method" name="visitTwigFile" visibility="public" complexity="1" crap="2" count="0"/>
        <line num="88" type="stmt" count="0"/>
        <line num="89" type="stmt" count="0"/>
        <line num="94" type="method" name="setContainer" visibility="public" complexity="1" crap="2" count="0"/>
        <line num="95" type="stmt" count="0"/>
        <line num="96" type="stmt" count="0"/>
        <line num="97" type="stmt" count="0"/>
        <metrics loc="98" ncloc="80" classes="1" methods="8" coveredmethods="0" conditionals="0" coveredconditionals="0" statements="46" coveredstatements="0" elements="54" coveredelements="0"/>
      </file>
    </package>
    <package name="APY\DataGridBundle\Twig">
      <file name="/Users/samuele/Desktop/MadisoftAPYDataGridBundle/Twig/DataGridExtension.php">
        <class name="DataGridExtension" namespace="APY\DataGridBundle\Twig">
          <metrics complexity="72" methods="23" coveredmethods="2" conditionals="0" coveredconditionals="0" statements="126" coveredstatements="17" elements="149" coveredelements="19"/>
        </class>
        <line num="69" type="method" name="__construct" visibility="public" complexity="1" crap="1" count="1"/>
        <line num="71" type="stmt" count="1"/>
        <line num="72" type="stmt" count="1"/>
        <line num="73" type="stmt" count="1"/>
        <line num="78" type="method" name="setPagerFanta" visibility="public" complexity="1" crap="2" count="0"/>
        <line num="80" type="stmt" count="0"/>
        <line num="81" type="stmt" count="0"/>
        <line num="83" type="method" name="getFilters" visibility="public" complexity="1" crap="2" count="0"/>
        <line num="86" type="stmt" count="0"/>
        <line num="87" type="stmt" count="0"/>
        <line num="94" type="method" name="getGlobals" visibility="public" complexity="1" crap="2" count="0"/>
        <line num="97" type="stmt" count="0"/>
        <line num="113" type="method" name="getFunctions" visibility="public" complexity="1" crap="2" count="0"/>
        <line num="116" type="stmt" count="0"/>
        <line num="117" type="stmt" count="0"/>
        <line num="120" type="stmt" count="0"/>
        <line num="121" type="stmt" count="0"/>
        <line num="124" type="stmt" count="0"/>
        <line num="125" type="stmt" count="0"/>
        <line num="127" type="stmt" count="0"/>
        <line num="128" type="stmt" count="0"/>
        <line num="131" type="stmt" count="0"/>
        <line num="132" type="stmt" count="0"/>
        <line num="135" type="stmt" count="0"/>
        <line num="136" type="stmt" count="0"/>
        <line num="139" type="stmt" count="0"/>
        <line num="140" type="stmt" count="0"/>
        <line num="143" type="stmt" count="0"/>
        <line num="144" type="stmt" count="0"/>
        <line num="147" type="stmt" count="0"/>
        <line num="148" type="stmt" count="0"/>
        <line num="150" type="stmt" count="0"/>
        <line num="151" type="stmt" count="0"/>
        <line num="163" type="method" name="initGrid" visibility="public" complexity="2" crap="6" count="0"/>
        <line num="165" type="stmt" count="0"/>
        <line num="166" type="stmt" count="0"/>
        <line num="168" type="stmt" count="0"/>
        <line num="169" type="stmt" count="0"/>
        <line num="170" type="stmt" count="0"/>
        <line num="184" type="method" name="getGrid" visibility="public" complexity="1" crap="2" count="0"/>
        <line num="186" type="stmt" count="0"/>
        <line num="189" type="stmt" count="0"/>
        <line num="191" type="stmt" count="0"/>
        <line num="205" type="method" name="getGridHtml" visibility="public" complexity="1" crap="2" count="0"/>
        <line num="207" type="stmt" count="0"/>
        <line num="217" type="method" name="getGrid_" visibility="public" complexity="1" crap="2" count="0"/>
        <line num="219" type="stmt" count="0"/>
        <line num="228" type="method" name="getGridPager" visibility="public" complexity="1" crap="2" count="0"/>
        <line num="230" type="stmt" count="0"/>
        <line num="243" type="method" name="getGridCell" visibility="public" complexity="14" crap="210" count="0"/>
        <line num="245" type="stmt" count="0"/>
        <line num="247" type="stmt" count="0"/>
        <line num="249" type="stmt" count="0"/>
        <line num="250" type="stmt" count="0"/>
        <line num="251" type="stmt" count="0"/>
        <line num="252" type="stmt" count="0"/>
        <line num="253" type="stmt" count="0"/>
        <line num="254" type="stmt" count="0"/>
        <line num="255" type="stmt" count="0"/>
        <line num="256" type="stmt" count="0"/>
        <line num="257" type="stmt" count="0"/>
        <line num="258" type="stmt" count="0"/>
        <line num="259" type="stmt" count="0"/>
        <line num="260" type="stmt" count="0"/>
        <line num="262" type="stmt" count="0"/>
        <line num="265" type="stmt" count="0"/>
        <line num="277" type="method" name="getGridFilter" visibility="public" complexity="13" crap="182" count="0"/>
        <line num="279" type="stmt" count="0"/>
        <line num="281" type="stmt" count="0"/>
        <line num="282" type="stmt" count="0"/>
        <line num="283" type="stmt" count="0"/>
        <line num="284" type="stmt" count="0"/>
        <line num="285" type="stmt" count="0"/>
        <line num="286" type="stmt" count="0"/>
        <line num="287" type="stmt" count="0"/>
        <line num="288" type="stmt" count="0"/>
        <line num="289" type="stmt" count="0"/>
        <line num="290" type="stmt" count="0"/>
        <line num="292" type="stmt" count="0"/>
        <line num="295" type="stmt" count="0"/>
        <line num="308" type="method" name="getGridColumnOperator" visibility="public" complexity="1" crap="2" count="0"/>
        <line num="310" type="stmt" count="0"/>
        <line num="320" type="method" name="getGridUrl" visibility="public" complexity="9" crap="9" count="1"/>
        <line num="322" type="stmt" count="1"/>
        <line num="325" type="stmt" count="1"/>
        <line num="326" type="stmt" count="1"/>
        <line num="327" type="stmt" count="1"/>
        <line num="329" type="stmt" count="1"/>
        <line num="331" type="stmt" count="1"/>
        <line num="332" type="stmt" count="1"/>
        <line num="333" type="stmt" count="1"/>
        <line num="334" type="stmt" count="1"/>
        <line num="335" type="stmt" count="1"/>
        <line num="336" type="stmt" count="1"/>
        <line num="337" type="stmt" count="1"/>
        <line num="338" type="stmt" count="1"/>
        <line num="340" type="stmt" count="1"/>
        <line num="351" type="method" name="getGridSearch" visibility="public" complexity="1" crap="2" count="0"/>
        <line num="353" type="stmt" count="0"/>
        <line num="355" type="stmt" count="0"/>
        <line num="361" type="method" name="getPagerfanta" visibility="public" complexity="1" crap="2" count="0"/>
        <line num="363" type="stmt" count="0"/>
        <line num="365" type="stmt" count="0"/>
        <line num="366" type="stmt" count="0"/>
        <line num="367" type="stmt" count="0"/>
        <line num="369" type="stmt" count="0"/>
        <line num="370" type="method" name="anonymousFunction:370#2618" complexity="1" crap="2" count="0"/>
        <line num="371" type="stmt" count="0"/>
        <line num="372" type="stmt" count="0"/>
        <line num="374" type="stmt" count="0"/>
        <line num="375" type="stmt" count="0"/>
        <line num="377" type="stmt" count="0"/>
        <line num="385" type="method" name="booleanChecker" visibility="public" complexity="5" crap="30" count="0"/>
        <line num="387" type="stmt" count="0"/>
        <line num="388" type="stmt" count="0"/>
        <line num="389" type="stmt" count="0"/>
        <line num="390" type="stmt" count="0"/>
        <line num="393" type="stmt" count="0"/>
        <line num="396" type="stmt" count="0"/>
        <line num="404" type="method" name="booleanAltValueGetter" visibility="public" complexity="3" crap="12" count="0"/>
        <line num="406" type="stmt" count="0"/>
        <line num="407" type="stmt" count="0"/>
        <line num="410" type="stmt" count="0"/>
        <line num="412" type="stmt" count="0"/>
        <line num="426" type="method" name="renderBlock" visibility="protected" complexity="3" crap="12" count="0"/>
        <line num="428" type="stmt" count="0"/>
        <line num="429" type="stmt" count="0"/>
        <line num="430" type="stmt" count="0"/>
        <line num="434" type="stmt" count="0"/>
        <line num="445" type="method" name="hasBlock" visibility="protected" complexity="3" crap="12" count="0"/>
        <line num="447" type="stmt" count="0"/>
        <line num="449" type="stmt" count="0"/>
        <line num="450" type="stmt" count="0"/>
        <line num="454" type="stmt" count="0"/>
        <line num="466" type="method" name="getTemplates" visibility="protected" complexity="5" crap="30" count="0"/>
        <line num="468" type="stmt" count="0"/>
        <line num="469" type="stmt" count="0"/>
        <line num="470" type="stmt" count="0"/>
        <line num="471" type="stmt" count="0"/>
        <line num="472" type="stmt" count="0"/>
        <line num="473" type="stmt" count="0"/>
        <line num="474" type="stmt" count="0"/>
        <line num="475" type="stmt" count="0"/>
        <line num="477" type="stmt" count="0"/>
        <line num="481" type="stmt" count="0"/>
        <line num="490" type="method" name="getTemplatesFromString" visibility="protected" complexity="2" crap="6" count="0"/>
        <line num="492" type="stmt" count="0"/>
        <line num="494" type="stmt" count="0"/>
        <line num="495" type="stmt" count="0"/>
        <line num="496" type="stmt" count="0"/>
        <line num="497" type="stmt" count="0"/>
        <line num="500" type="stmt" count="0"/>
        <metrics loc="502" ncloc="320" classes="1" methods="23" coveredmethods="2" conditionals="0" coveredconditionals="0" statements="129" coveredstatements="17" elements="152" coveredelements="19"/>
      </file>
    </package>
    <metrics files="89" loc="13444" ncloc="9249" classes="73" methods="657" coveredmethods="434" conditionals="0" coveredconditionals="0" statements="3736" coveredstatements="1930" elements="4393" coveredelements="2364"/>
  </project>
</coverage>
